The system is: Linux - 3.10.0-1160.71.1.el7.x86_64 - x86_64
Compiling the C compiler identification source file "CMakeCCompilerId.c" succeeded.
Compiler: /opt/intel/Compiler/19.1/3.304/rwthlnk/bin/intel64/icc 
Build flags: 
Id flags:  

The output was:
0


Compilation of the C compiler identification source "CMakeCCompilerId.c" produced "a.out"

The C compiler identification is Intel, found in "/hpcwork/pn744180/parallel-computing/FinalProject/Online_Submission/build-serial/CMakeFiles/3.10.1/CompilerIdC/a.out"

Compiling the CXX compiler identification source file "CMakeCXXCompilerId.cpp" succeeded.
Compiler: /opt/intel/Compiler/19.1/3.304/rwthlnk/bin/intel64/icpc 
Build flags: 
Id flags:  

The output was:
0


Compilation of the CXX compiler identification source "CMakeCXXCompilerId.cpp" produced "a.out"

The CXX compiler identification is Intel, found in "/hpcwork/pn744180/parallel-computing/FinalProject/Online_Submission/build-serial/CMakeFiles/3.10.1/CompilerIdCXX/a.out"

Determining if the C compiler works passed with the following output:
Change Dir: /hpcwork/pn744180/parallel-computing/FinalProject/Online_Submission/build-serial/CMakeFiles/CMakeTmp

Run Build Command:"/usr/local_rwth/bin/gmake" "cmTC_85196/fast"
/usr/local_rwth/bin/gmake -f CMakeFiles/cmTC_85196.dir/build.make CMakeFiles/cmTC_85196.dir/build
gmake[1]: Entering directory `/rwthfs/rz/cluster/hpcwork/pn744180/parallel-computing/FinalProject/Online_Submission/build-serial/CMakeFiles/CMakeTmp'
Building C object CMakeFiles/cmTC_85196.dir/testCCompiler.c.o
/opt/intel/Compiler/19.1/3.304/rwthlnk/bin/intel64/icc    -o CMakeFiles/cmTC_85196.dir/testCCompiler.c.o   -c /hpcwork/pn744180/parallel-computing/FinalProject/Online_Submission/build-serial/CMakeFiles/CMakeTmp/testCCompiler.c
Linking C executable cmTC_85196
/usr/bin/cmake -E cmake_link_script CMakeFiles/cmTC_85196.dir/link.txt --verbose=1
/opt/intel/Compiler/19.1/3.304/rwthlnk/bin/intel64/icc      -rdynamic CMakeFiles/cmTC_85196.dir/testCCompiler.c.o  -o cmTC_85196 
gmake[1]: Leaving directory `/rwthfs/rz/cluster/hpcwork/pn744180/parallel-computing/FinalProject/Online_Submission/build-serial/CMakeFiles/CMakeTmp'


Detecting C compiler ABI info compiled with the following output:
Change Dir: /hpcwork/pn744180/parallel-computing/FinalProject/Online_Submission/build-serial/CMakeFiles/CMakeTmp

Run Build Command:"/usr/local_rwth/bin/gmake" "cmTC_99fb0/fast"
/usr/local_rwth/bin/gmake -f CMakeFiles/cmTC_99fb0.dir/build.make CMakeFiles/cmTC_99fb0.dir/build
gmake[1]: Entering directory `/rwthfs/rz/cluster/hpcwork/pn744180/parallel-computing/FinalProject/Online_Submission/build-serial/CMakeFiles/CMakeTmp'
Building C object CMakeFiles/cmTC_99fb0.dir/CMakeCCompilerABI.c.o
/opt/intel/Compiler/19.1/3.304/rwthlnk/bin/intel64/icc    -o CMakeFiles/cmTC_99fb0.dir/CMakeCCompilerABI.c.o   -c /usr/share/cmake/Modules/CMakeCCompilerABI.c
Linking C executable cmTC_99fb0
/usr/bin/cmake -E cmake_link_script CMakeFiles/cmTC_99fb0.dir/link.txt --verbose=1
/opt/intel/Compiler/19.1/3.304/rwthlnk/bin/intel64/icc     -v -rdynamic CMakeFiles/cmTC_99fb0.dir/CMakeCCompilerABI.c.o  -o cmTC_99fb0 
icc version 19.1.3.304 (gcc version 4.8.5 compatibility)
/rwthfs/rz/SW/intel/Compiler/19.1/3.304/compilers_and_libraries_2020.4.304/linux/bin/intel64/mcpcom    -mGLOB_em64t=TRUE -mP1OPT_version=19.1-intel64 -mGLOB_diag_file=CMakeFiles/cmTC_99fb0.dir/CMakeCCompilerABI.c.diag -mGLOB_long_size_64 -mGLOB_routine_pointer_size_64 -mP1OPT_print_version=FALSE -mCG_use_gas_got_workaround=F -mP2OPT_align_option_used=TRUE -mGLOB_gcc_version=485 "-mGLOB_options_string=-v -rdynamic -o cmTC_99fb0" -mGLOB_cxx_limited_range=FALSE -mCG_extend_parms=FALSE -mGLOB_compiler_bin_directory=/rwthfs/rz/SW/intel/Compiler/19.1/3.304/compilers_and_libraries_2020.4.304/linux/bin/intel64 -mGLOB_as_output_backup_file_name=/tmp/pn744180/login18-1_182118/iccUdZgSvas_.s -mGLOB_dashboard_use_source_name -mIPOPT_activate -mGLOB_product_id_code=0x22006d93 -mP3OPT_use_mspp_call_convention -mP2OPT_subs_out_of_bound=FALSE -mP2OPT_disam_type_based_disam=2 -mP2OPT_disam_assume_ansi_c -mP2OPT_checked_disam_ansi_alias=TRUE -mGLOB_ansi_alias -mPGOPTI_value_profile_use=T -mGLOB_opt_report_use_source_name -mP2OPT_il0_array_sections=TRUE -mGLOB_offload_mode=1 -mP2OPT_offload_unique_var_string=icc05669958805hKxXx -mP2OPT_hlo -mP2OPT_hpo_rtt_control=0 -mIPOPT_args_in_regs=0 -mP2OPT_disam_assume_nonstd_intent_in=FALSE -mGLOB_imf_mapping_library=/rwthfs/rz/SW/intel/Compiler/19.1/3.304/compilers_and_libraries_2020.4.304/linux/bin/intel64/libiml_attr.so -mPGOPTI_gen_threadsafe_level=0 -mIPOPT_link -mIPOPT_ipo_activate -mIPOPT_mo_activate -mIPOPT_source_files_list=/tmp/pn744180/login18-1_182118/iccslisYgUrgZ -mIPOPT_mo_global_data -mIPOPT_link_script_file=/tmp/pn744180/login18-1_182118/iccscriptVKpjzK "-mIPOPT_cmdline_link="/usr/lib/gcc/x86_64-redhat-linux/4.8.5/../../../../lib64/crt1.o" "/usr/lib/gcc/x86_64-redhat-linux/4.8.5/../../../../lib64/crti.o" "/usr/lib/gcc/x86_64-redhat-linux/4.8.5/crtbegin.o" "-export-dynamic" "--eh-frame-hdr" "--build-id" "-dynamic-linker" "/lib64/ld-linux-x86-64.so.2" "-m" "elf_x86_64" "-o" "cmTC_99fb0" "-L/opt/intel/Compiler/19.1/3.304/rwthlnk/daal/lib/intel64_lin" "-L/opt/intel/Compiler/19.1/3.304/rwthlnk/daal/lib/ia32_lin" "-L/opt/intel/Compiler/19.1/3.304/rwthlnk/ipp/lib/intel64_lin" "-L/opt/intel/Compiler/19.1/3.304/rwthlnk/ipp/lib/ia32_lin" "-L/opt/intel/Compiler/19.1/3.304/rwthlnk/mkl/lib/intel64_lin" "-L/opt/intel/Compiler/19.1/3.304/rwthlnk/mkl/lib/ia32_lin" "-L/opt/intel/Compiler/19.1/3.304/rwthlnk/tbb/lib/intel64_lin/gcc4.7" "-L/opt/intel/Compiler/19.1/3.304/rwthlnk/tbb/lib/ia32_lin/gcc4.7" "-L/rwthfs/rz/SW/intel/Compiler/19.1/3.304/compilers_and_libraries_2020.4.304/linux/compiler/lib/intel64_lin" "-L/usr/lib/gcc/x86_64-redhat-linux/4.8.5/" "-L/usr/lib/gcc/x86_64-redhat-linux/4.8.5/../../../../lib64" "-L/usr/lib/gcc/x86_64-redhat-linux/4.8.5/../../../../lib64/" "-L/lib/../lib64" "-L/lib/../lib64/" "-L/usr/lib/../lib64" "-L/usr/lib/../lib64/" "-L/opt/intel/Compiler/19.1/3.304/rwthlnk/daal/lib/intel64_lin/" "-L/opt/intel/Compiler/19.1/3.304/rwthlnk/daal/lib/ia32_lin/" "-L/opt/intel/Compiler/19.1/3.304/rwthlnk/ipp/lib/intel64_lin/" "-L/opt/intel/Compiler/19.1/3.304/rwthlnk/ipp/lib/ia32_lin/" "-L/opt/intel/Compiler/19.1/3.304/rwthlnk/mkl/lib/intel64_lin/" "-L/opt/intel/Compiler/19.1/3.304/rwthlnk/mkl/lib/ia32_lin/" "-L/usr/lib/gcc/x86_64-redhat-linux/4.8.5/../../../" "-L/lib64" "-L/lib/" "-L/usr/lib64" "-L/usr/lib" "CMakeFiles/cmTC_99fb0.dir/CMakeCCompilerABI.c.o" "-Bdynamic" "-Bstatic" "-limf" "-lsvml" "-lirng" "-Bdynamic" "-lm" "-Bstatic" "-lipgo" "-ldecimal" "--as-needed" "-Bdynamic" "-lcilkrts" "-lstdc++" "--no-as-needed" "-lgcc" "-lgcc_s" "-Bstatic" "-lirc" "-lsvml" "-Bdynamic" "-lc" "-lgcc" "-lgcc_s" "-Bstatic" "-lirc_s" "-Bdynamic" "-ldl" "-lc" "/usr/lib/gcc/x86_64-redhat-linux/4.8.5/crtend.o" "/usr/lib/gcc/x86_64-redhat-linux/4.8.5/../../../../lib64/crtn.o"" -mIPOPT_il_in_obj -mIPOPT_ipo_activate_warn=FALSE -mIPOPT_obj_output_file_name=/tmp/pn744180/login18-1_182118/ipo_iccgn6Fsp.o -mIPOPT_whole_archive_fixup_file_name=/tmp/pn744180/login18-1_182118/iccwarchIgK5u2 -mGLOB_linker_version=2.27 -mGLOB_linker=ld -mGLOB_driver_tempfile_name=/tmp/pn744180/login18-1_182118/icctempfileTscXON -mP3OPT_asm_target=P3OPT_ASM_TARGET_GAS -mGLOB_async_unwind_tables=TRUE -mGLOB_obj_output_file=/tmp/pn744180/login18-1_182118/ipo_iccgn6Fsp.o -mGLOB_source_dialect=GLOB_SOURCE_DIALECT_NONE -mP1OPT_source_file_name=ipo_out.c CMakeFiles/cmTC_99fb0.dir/CMakeCCompilerABI.c.o -mIPOPT_object_files=T -mIPOPT_assembly_files=/tmp/pn744180/login18-1_182118/iccalisCcDF3V -mIPOPT_generated_tempfiles=/tmp/pn744180/login18-1_182118/iccelis7qhhmH -mIPOPT_embedded_object_base_name=/tmp/pn744180/login18-1_182118/icceobjINrVEs -mIPOPT_cmdline_link_new_name=/tmp/pn744180/login18-1_182118/iccllis5FeEXd
ld    /usr/lib/gcc/x86_64-redhat-linux/4.8.5/../../../../lib64/crt1.o /usr/lib/gcc/x86_64-redhat-linux/4.8.5/../../../../lib64/crti.o /usr/lib/gcc/x86_64-redhat-linux/4.8.5/crtbegin.o -export-dynamic --eh-frame-hdr --build-id -dynamic-linker /lib64/ld-linux-x86-64.so.2 -m elf_x86_64 -o cmTC_99fb0 -L/opt/intel/Compiler/19.1/3.304/rwthlnk/daal/lib/intel64_lin -L/opt/intel/Compiler/19.1/3.304/rwthlnk/daal/lib/ia32_lin -L/opt/intel/Compiler/19.1/3.304/rwthlnk/ipp/lib/intel64_lin -L/opt/intel/Compiler/19.1/3.304/rwthlnk/ipp/lib/ia32_lin -L/opt/intel/Compiler/19.1/3.304/rwthlnk/mkl/lib/intel64_lin -L/opt/intel/Compiler/19.1/3.304/rwthlnk/mkl/lib/ia32_lin -L/opt/intel/Compiler/19.1/3.304/rwthlnk/tbb/lib/intel64_lin/gcc4.7 -L/opt/intel/Compiler/19.1/3.304/rwthlnk/tbb/lib/ia32_lin/gcc4.7 -L/rwthfs/rz/SW/intel/Compiler/19.1/3.304/compilers_and_libraries_2020.4.304/linux/compiler/lib/intel64_lin -L/usr/lib/gcc/x86_64-redhat-linux/4.8.5/ -L/usr/lib/gcc/x86_64-redhat-linux/4.8.5/../../../../lib64 -L/usr/lib/gcc/x86_64-redhat-linux/4.8.5/../../../../lib64/ -L/lib/../lib64 -L/lib/../lib64/ -L/usr/lib/../lib64 -L/usr/lib/../lib64/ -L/opt/intel/Compiler/19.1/3.304/rwthlnk/daal/lib/intel64_lin/ -L/opt/intel/Compiler/19.1/3.304/rwthlnk/daal/lib/ia32_lin/ -L/opt/intel/Compiler/19.1/3.304/rwthlnk/ipp/lib/intel64_lin/ -L/opt/intel/Compiler/19.1/3.304/rwthlnk/ipp/lib/ia32_lin/ -L/opt/intel/Compiler/19.1/3.304/rwthlnk/mkl/lib/intel64_lin/ -L/opt/intel/Compiler/19.1/3.304/rwthlnk/mkl/lib/ia32_lin/ -L/usr/lib/gcc/x86_64-redhat-linux/4.8.5/../../../ -L/lib64 -L/lib/ -L/usr/lib64 -L/usr/lib CMakeFiles/cmTC_99fb0.dir/CMakeCCompilerABI.c.o -Bdynamic -Bstatic -limf -lsvml -lirng -Bdynamic -lm -Bstatic -lipgo -ldecimal --as-needed -Bdynamic -lcilkrts -lstdc++ --no-as-needed -lgcc -lgcc_s -Bstatic -lirc -lsvml -Bdynamic -lc -lgcc -lgcc_s -Bstatic -lirc_s -Bdynamic -ldl -lc /usr/lib/gcc/x86_64-redhat-linux/4.8.5/crtend.o /usr/lib/gcc/x86_64-redhat-linux/4.8.5/../../../../lib64/crtn.o
gmake[1]: Leaving directory `/rwthfs/rz/cluster/hpcwork/pn744180/parallel-computing/FinalProject/Online_Submission/build-serial/CMakeFiles/CMakeTmp'


Parsed C implicit link information from above output:
  link line regex: [^( *|.*[/\])(ld|CMAKE_LINK_STARTFILE-NOTFOUND|([^/\]+-)?ld|collect2)[^/\]*( |$)]
  ignore line: [Change Dir: /hpcwork/pn744180/parallel-computing/FinalProject/Online_Submission/build-serial/CMakeFiles/CMakeTmp]
  ignore line: []
  ignore line: [Run Build Command:"/usr/local_rwth/bin/gmake" "cmTC_99fb0/fast"]
  ignore line: [/usr/local_rwth/bin/gmake -f CMakeFiles/cmTC_99fb0.dir/build.make CMakeFiles/cmTC_99fb0.dir/build]
  ignore line: [gmake[1]: Entering directory `/rwthfs/rz/cluster/hpcwork/pn744180/parallel-computing/FinalProject/Online_Submission/build-serial/CMakeFiles/CMakeTmp']
  ignore line: [Building C object CMakeFiles/cmTC_99fb0.dir/CMakeCCompilerABI.c.o]
  ignore line: [/opt/intel/Compiler/19.1/3.304/rwthlnk/bin/intel64/icc    -o CMakeFiles/cmTC_99fb0.dir/CMakeCCompilerABI.c.o   -c /usr/share/cmake/Modules/CMakeCCompilerABI.c]
  ignore line: [Linking C executable cmTC_99fb0]
  ignore line: [/usr/bin/cmake -E cmake_link_script CMakeFiles/cmTC_99fb0.dir/link.txt --verbose=1]
  ignore line: [/opt/intel/Compiler/19.1/3.304/rwthlnk/bin/intel64/icc     -v -rdynamic CMakeFiles/cmTC_99fb0.dir/CMakeCCompilerABI.c.o  -o cmTC_99fb0 ]
  ignore line: [icc version 19.1.3.304 (gcc version 4.8.5 compatibility)]
  ignore line: [/rwthfs/rz/SW/intel/Compiler/19.1/3.304/compilers_and_libraries_2020.4.304/linux/bin/intel64/mcpcom    -mGLOB_em64t=TRUE -mP1OPT_version=19.1-intel64 -mGLOB_diag_file=CMakeFiles/cmTC_99fb0.dir/CMakeCCompilerABI.c.diag -mGLOB_long_size_64 -mGLOB_routine_pointer_size_64 -mP1OPT_print_version=FALSE -mCG_use_gas_got_workaround=F -mP2OPT_align_option_used=TRUE -mGLOB_gcc_version=485 "-mGLOB_options_string=-v -rdynamic -o cmTC_99fb0" -mGLOB_cxx_limited_range=FALSE -mCG_extend_parms=FALSE -mGLOB_compiler_bin_directory=/rwthfs/rz/SW/intel/Compiler/19.1/3.304/compilers_and_libraries_2020.4.304/linux/bin/intel64 -mGLOB_as_output_backup_file_name=/tmp/pn744180/login18-1_182118/iccUdZgSvas_.s -mGLOB_dashboard_use_source_name -mIPOPT_activate -mGLOB_product_id_code=0x22006d93 -mP3OPT_use_mspp_call_convention -mP2OPT_subs_out_of_bound=FALSE -mP2OPT_disam_type_based_disam=2 -mP2OPT_disam_assume_ansi_c -mP2OPT_checked_disam_ansi_alias=TRUE -mGLOB_ansi_alias -mPGOPTI_value_profile_use=T -mGLOB_opt_report_use_source_name -mP2OPT_il0_array_sections=TRUE -mGLOB_offload_mode=1 -mP2OPT_offload_unique_var_string=icc05669958805hKxXx -mP2OPT_hlo -mP2OPT_hpo_rtt_control=0 -mIPOPT_args_in_regs=0 -mP2OPT_disam_assume_nonstd_intent_in=FALSE -mGLOB_imf_mapping_library=/rwthfs/rz/SW/intel/Compiler/19.1/3.304/compilers_and_libraries_2020.4.304/linux/bin/intel64/libiml_attr.so -mPGOPTI_gen_threadsafe_level=0 -mIPOPT_link -mIPOPT_ipo_activate -mIPOPT_mo_activate -mIPOPT_source_files_list=/tmp/pn744180/login18-1_182118/iccslisYgUrgZ -mIPOPT_mo_global_data -mIPOPT_link_script_file=/tmp/pn744180/login18-1_182118/iccscriptVKpjzK "-mIPOPT_cmdline_link="/usr/lib/gcc/x86_64-redhat-linux/4.8.5/../../../../lib64/crt1.o" "/usr/lib/gcc/x86_64-redhat-linux/4.8.5/../../../../lib64/crti.o" "/usr/lib/gcc/x86_64-redhat-linux/4.8.5/crtbegin.o" "-export-dynamic" "--eh-frame-hdr" "--build-id" "-dynamic-linker" "/lib64/ld-linux-x86-64.so.2" "-m" "elf_x86_64" "-o" "cmTC_99fb0" "-L/opt/intel/Compiler/19.1/3.304/rwthlnk/daal/lib/intel64_lin" "-L/opt/intel/Compiler/19.1/3.304/rwthlnk/daal/lib/ia32_lin" "-L/opt/intel/Compiler/19.1/3.304/rwthlnk/ipp/lib/intel64_lin" "-L/opt/intel/Compiler/19.1/3.304/rwthlnk/ipp/lib/ia32_lin" "-L/opt/intel/Compiler/19.1/3.304/rwthlnk/mkl/lib/intel64_lin" "-L/opt/intel/Compiler/19.1/3.304/rwthlnk/mkl/lib/ia32_lin" "-L/opt/intel/Compiler/19.1/3.304/rwthlnk/tbb/lib/intel64_lin/gcc4.7" "-L/opt/intel/Compiler/19.1/3.304/rwthlnk/tbb/lib/ia32_lin/gcc4.7" "-L/rwthfs/rz/SW/intel/Compiler/19.1/3.304/compilers_and_libraries_2020.4.304/linux/compiler/lib/intel64_lin" "-L/usr/lib/gcc/x86_64-redhat-linux/4.8.5/" "-L/usr/lib/gcc/x86_64-redhat-linux/4.8.5/../../../../lib64" "-L/usr/lib/gcc/x86_64-redhat-linux/4.8.5/../../../../lib64/" "-L/lib/../lib64" "-L/lib/../lib64/" "-L/usr/lib/../lib64" "-L/usr/lib/../lib64/" "-L/opt/intel/Compiler/19.1/3.304/rwthlnk/daal/lib/intel64_lin/" "-L/opt/intel/Compiler/19.1/3.304/rwthlnk/daal/lib/ia32_lin/" "-L/opt/intel/Compiler/19.1/3.304/rwthlnk/ipp/lib/intel64_lin/" "-L/opt/intel/Compiler/19.1/3.304/rwthlnk/ipp/lib/ia32_lin/" "-L/opt/intel/Compiler/19.1/3.304/rwthlnk/mkl/lib/intel64_lin/" "-L/opt/intel/Compiler/19.1/3.304/rwthlnk/mkl/lib/ia32_lin/" "-L/usr/lib/gcc/x86_64-redhat-linux/4.8.5/../../../" "-L/lib64" "-L/lib/" "-L/usr/lib64" "-L/usr/lib" "CMakeFiles/cmTC_99fb0.dir/CMakeCCompilerABI.c.o" "-Bdynamic" "-Bstatic" "-limf" "-lsvml" "-lirng" "-Bdynamic" "-lm" "-Bstatic" "-lipgo" "-ldecimal" "--as-needed" "-Bdynamic" "-lcilkrts" "-lstdc++" "--no-as-needed" "-lgcc" "-lgcc_s" "-Bstatic" "-lirc" "-lsvml" "-Bdynamic" "-lc" "-lgcc" "-lgcc_s" "-Bstatic" "-lirc_s" "-Bdynamic" "-ldl" "-lc" "/usr/lib/gcc/x86_64-redhat-linux/4.8.5/crtend.o" "/usr/lib/gcc/x86_64-redhat-linux/4.8.5/../../../../lib64/crtn.o"" -mIPOPT_il_in_obj -mIPOPT_ipo_activate_warn=FALSE -mIPOPT_obj_output_file_name=/tmp/pn744180/login18-1_182118/ipo_iccgn6Fsp.o -mIPOPT_whole_archive_fixup_file_name=/tmp/pn744180/login18-1_182118/iccwarchIgK5u2 -mGLOB_linker_version=2.27 -mGLOB_linker=ld -mGLOB_driver_tempfile_name=/tmp/pn744180/login18-1_182118/icctempfileTscXON -mP3OPT_asm_target=P3OPT_ASM_TARGET_GAS -mGLOB_async_unwind_tables=TRUE -mGLOB_obj_output_file=/tmp/pn744180/login18-1_182118/ipo_iccgn6Fsp.o -mGLOB_source_dialect=GLOB_SOURCE_DIALECT_NONE -mP1OPT_source_file_name=ipo_out.c CMakeFiles/cmTC_99fb0.dir/CMakeCCompilerABI.c.o -mIPOPT_object_files=T -mIPOPT_assembly_files=/tmp/pn744180/login18-1_182118/iccalisCcDF3V -mIPOPT_generated_tempfiles=/tmp/pn744180/login18-1_182118/iccelis7qhhmH -mIPOPT_embedded_object_base_name=/tmp/pn744180/login18-1_182118/icceobjINrVEs -mIPOPT_cmdline_link_new_name=/tmp/pn744180/login18-1_182118/iccllis5FeEXd]
  link line: [ld    /usr/lib/gcc/x86_64-redhat-linux/4.8.5/../../../../lib64/crt1.o /usr/lib/gcc/x86_64-redhat-linux/4.8.5/../../../../lib64/crti.o /usr/lib/gcc/x86_64-redhat-linux/4.8.5/crtbegin.o -export-dynamic --eh-frame-hdr --build-id -dynamic-linker /lib64/ld-linux-x86-64.so.2 -m elf_x86_64 -o cmTC_99fb0 -L/opt/intel/Compiler/19.1/3.304/rwthlnk/daal/lib/intel64_lin -L/opt/intel/Compiler/19.1/3.304/rwthlnk/daal/lib/ia32_lin -L/opt/intel/Compiler/19.1/3.304/rwthlnk/ipp/lib/intel64_lin -L/opt/intel/Compiler/19.1/3.304/rwthlnk/ipp/lib/ia32_lin -L/opt/intel/Compiler/19.1/3.304/rwthlnk/mkl/lib/intel64_lin -L/opt/intel/Compiler/19.1/3.304/rwthlnk/mkl/lib/ia32_lin -L/opt/intel/Compiler/19.1/3.304/rwthlnk/tbb/lib/intel64_lin/gcc4.7 -L/opt/intel/Compiler/19.1/3.304/rwthlnk/tbb/lib/ia32_lin/gcc4.7 -L/rwthfs/rz/SW/intel/Compiler/19.1/3.304/compilers_and_libraries_2020.4.304/linux/compiler/lib/intel64_lin -L/usr/lib/gcc/x86_64-redhat-linux/4.8.5/ -L/usr/lib/gcc/x86_64-redhat-linux/4.8.5/../../../../lib64 -L/usr/lib/gcc/x86_64-redhat-linux/4.8.5/../../../../lib64/ -L/lib/../lib64 -L/lib/../lib64/ -L/usr/lib/../lib64 -L/usr/lib/../lib64/ -L/opt/intel/Compiler/19.1/3.304/rwthlnk/daal/lib/intel64_lin/ -L/opt/intel/Compiler/19.1/3.304/rwthlnk/daal/lib/ia32_lin/ -L/opt/intel/Compiler/19.1/3.304/rwthlnk/ipp/lib/intel64_lin/ -L/opt/intel/Compiler/19.1/3.304/rwthlnk/ipp/lib/ia32_lin/ -L/opt/intel/Compiler/19.1/3.304/rwthlnk/mkl/lib/intel64_lin/ -L/opt/intel/Compiler/19.1/3.304/rwthlnk/mkl/lib/ia32_lin/ -L/usr/lib/gcc/x86_64-redhat-linux/4.8.5/../../../ -L/lib64 -L/lib/ -L/usr/lib64 -L/usr/lib CMakeFiles/cmTC_99fb0.dir/CMakeCCompilerABI.c.o -Bdynamic -Bstatic -limf -lsvml -lirng -Bdynamic -lm -Bstatic -lipgo -ldecimal --as-needed -Bdynamic -lcilkrts -lstdc++ --no-as-needed -lgcc -lgcc_s -Bstatic -lirc -lsvml -Bdynamic -lc -lgcc -lgcc_s -Bstatic -lirc_s -Bdynamic -ldl -lc /usr/lib/gcc/x86_64-redhat-linux/4.8.5/crtend.o /usr/lib/gcc/x86_64-redhat-linux/4.8.5/../../../../lib64/crtn.o]
    arg [ld] ==> ignore
    arg [/usr/lib/gcc/x86_64-redhat-linux/4.8.5/../../../../lib64/crt1.o] ==> ignore
    arg [/usr/lib/gcc/x86_64-redhat-linux/4.8.5/../../../../lib64/crti.o] ==> ignore
    arg [/usr/lib/gcc/x86_64-redhat-linux/4.8.5/crtbegin.o] ==> ignore
    arg [-export-dynamic] ==> ignore
    arg [--eh-frame-hdr] ==> ignore
    arg [--build-id] ==> ignore
    arg [-dynamic-linker] ==> ignore
    arg [/lib64/ld-linux-x86-64.so.2] ==> ignore
    arg [-m] ==> ignore
    arg [elf_x86_64] ==> ignore
    arg [-o] ==> ignore
    arg [cmTC_99fb0] ==> ignore
    arg [-L/opt/intel/Compiler/19.1/3.304/rwthlnk/daal/lib/intel64_lin] ==> dir [/opt/intel/Compiler/19.1/3.304/rwthlnk/daal/lib/intel64_lin]
    arg [-L/opt/intel/Compiler/19.1/3.304/rwthlnk/daal/lib/ia32_lin] ==> dir [/opt/intel/Compiler/19.1/3.304/rwthlnk/daal/lib/ia32_lin]
    arg [-L/opt/intel/Compiler/19.1/3.304/rwthlnk/ipp/lib/intel64_lin] ==> dir [/opt/intel/Compiler/19.1/3.304/rwthlnk/ipp/lib/intel64_lin]
    arg [-L/opt/intel/Compiler/19.1/3.304/rwthlnk/ipp/lib/ia32_lin] ==> dir [/opt/intel/Compiler/19.1/3.304/rwthlnk/ipp/lib/ia32_lin]
    arg [-L/opt/intel/Compiler/19.1/3.304/rwthlnk/mkl/lib/intel64_lin] ==> dir [/opt/intel/Compiler/19.1/3.304/rwthlnk/mkl/lib/intel64_lin]
    arg [-L/opt/intel/Compiler/19.1/3.304/rwthlnk/mkl/lib/ia32_lin] ==> dir [/opt/intel/Compiler/19.1/3.304/rwthlnk/mkl/lib/ia32_lin]
    arg [-L/opt/intel/Compiler/19.1/3.304/rwthlnk/tbb/lib/intel64_lin/gcc4.7] ==> dir [/opt/intel/Compiler/19.1/3.304/rwthlnk/tbb/lib/intel64_lin/gcc4.7]
    arg [-L/opt/intel/Compiler/19.1/3.304/rwthlnk/tbb/lib/ia32_lin/gcc4.7] ==> dir [/opt/intel/Compiler/19.1/3.304/rwthlnk/tbb/lib/ia32_lin/gcc4.7]
    arg [-L/rwthfs/rz/SW/intel/Compiler/19.1/3.304/compilers_and_libraries_2020.4.304/linux/compiler/lib/intel64_lin] ==> dir [/rwthfs/rz/SW/intel/Compiler/19.1/3.304/compilers_and_libraries_2020.4.304/linux/compiler/lib/intel64_lin]
    arg [-L/usr/lib/gcc/x86_64-redhat-linux/4.8.5/] ==> dir [/usr/lib/gcc/x86_64-redhat-linux/4.8.5/]
    arg [-L/usr/lib/gcc/x86_64-redhat-linux/4.8.5/../../../../lib64] ==> dir [/usr/lib/gcc/x86_64-redhat-linux/4.8.5/../../../../lib64]
    arg [-L/usr/lib/gcc/x86_64-redhat-linux/4.8.5/../../../../lib64/] ==> dir [/usr/lib/gcc/x86_64-redhat-linux/4.8.5/../../../../lib64/]
    arg [-L/lib/../lib64] ==> dir [/lib/../lib64]
    arg [-L/lib/../lib64/] ==> dir [/lib/../lib64/]
    arg [-L/usr/lib/../lib64] ==> dir [/usr/lib/../lib64]
    arg [-L/usr/lib/../lib64/] ==> dir [/usr/lib/../lib64/]
    arg [-L/opt/intel/Compiler/19.1/3.304/rwthlnk/daal/lib/intel64_lin/] ==> dir [/opt/intel/Compiler/19.1/3.304/rwthlnk/daal/lib/intel64_lin/]
    arg [-L/opt/intel/Compiler/19.1/3.304/rwthlnk/daal/lib/ia32_lin/] ==> dir [/opt/intel/Compiler/19.1/3.304/rwthlnk/daal/lib/ia32_lin/]
    arg [-L/opt/intel/Compiler/19.1/3.304/rwthlnk/ipp/lib/intel64_lin/] ==> dir [/opt/intel/Compiler/19.1/3.304/rwthlnk/ipp/lib/intel64_lin/]
    arg [-L/opt/intel/Compiler/19.1/3.304/rwthlnk/ipp/lib/ia32_lin/] ==> dir [/opt/intel/Compiler/19.1/3.304/rwthlnk/ipp/lib/ia32_lin/]
    arg [-L/opt/intel/Compiler/19.1/3.304/rwthlnk/mkl/lib/intel64_lin/] ==> dir [/opt/intel/Compiler/19.1/3.304/rwthlnk/mkl/lib/intel64_lin/]
    arg [-L/opt/intel/Compiler/19.1/3.304/rwthlnk/mkl/lib/ia32_lin/] ==> dir [/opt/intel/Compiler/19.1/3.304/rwthlnk/mkl/lib/ia32_lin/]
    arg [-L/usr/lib/gcc/x86_64-redhat-linux/4.8.5/../../../] ==> dir [/usr/lib/gcc/x86_64-redhat-linux/4.8.5/../../../]
    arg [-L/lib64] ==> dir [/lib64]
    arg [-L/lib/] ==> dir [/lib/]
    arg [-L/usr/lib64] ==> dir [/usr/lib64]
    arg [-L/usr/lib] ==> dir [/usr/lib]
    arg [CMakeFiles/cmTC_99fb0.dir/CMakeCCompilerABI.c.o] ==> ignore
    arg [-Bdynamic] ==> ignore
    arg [-Bstatic] ==> ignore
    arg [-limf] ==> lib [imf]
    arg [-lsvml] ==> lib [svml]
    arg [-lirng] ==> lib [irng]
    arg [-Bdynamic] ==> ignore
    arg [-lm] ==> lib [m]
    arg [-Bstatic] ==> ignore
    arg [-lipgo] ==> lib [ipgo]
    arg [-ldecimal] ==> lib [decimal]
    arg [--as-needed] ==> ignore
    arg [-Bdynamic] ==> ignore
    arg [-lcilkrts] ==> lib [cilkrts]
    arg [-lstdc++] ==> lib [stdc++]
    arg [--no-as-needed] ==> ignore
    arg [-lgcc] ==> lib [gcc]
    arg [-lgcc_s] ==> lib [gcc_s]
    arg [-Bstatic] ==> ignore
    arg [-lirc] ==> lib [irc]
    arg [-lsvml] ==> lib [svml]
    arg [-Bdynamic] ==> ignore
    arg [-lc] ==> lib [c]
    arg [-lgcc] ==> lib [gcc]
    arg [-lgcc_s] ==> lib [gcc_s]
    arg [-Bstatic] ==> ignore
    arg [-lirc_s] ==> lib [irc_s]
    arg [-Bdynamic] ==> ignore
    arg [-ldl] ==> lib [dl]
    arg [-lc] ==> lib [c]
    arg [/usr/lib/gcc/x86_64-redhat-linux/4.8.5/crtend.o] ==> ignore
    arg [/usr/lib/gcc/x86_64-redhat-linux/4.8.5/../../../../lib64/crtn.o] ==> ignore
  collapse library dir [/opt/intel/Compiler/19.1/3.304/rwthlnk/daal/lib/intel64_lin] ==> [/opt/intel/Compiler/19.1/3.304/rwthlnk/daal/lib/intel64_lin]
  collapse library dir [/opt/intel/Compiler/19.1/3.304/rwthlnk/daal/lib/ia32_lin] ==> [/opt/intel/Compiler/19.1/3.304/rwthlnk/daal/lib/ia32_lin]
  collapse library dir [/opt/intel/Compiler/19.1/3.304/rwthlnk/ipp/lib/intel64_lin] ==> [/opt/intel/Compiler/19.1/3.304/rwthlnk/ipp/lib/intel64_lin]
  collapse library dir [/opt/intel/Compiler/19.1/3.304/rwthlnk/ipp/lib/ia32_lin] ==> [/opt/intel/Compiler/19.1/3.304/rwthlnk/ipp/lib/ia32_lin]
  collapse library dir [/opt/intel/Compiler/19.1/3.304/rwthlnk/mkl/lib/intel64_lin] ==> [/opt/intel/Compiler/19.1/3.304/rwthlnk/mkl/lib/intel64_lin]
  collapse library dir [/opt/intel/Compiler/19.1/3.304/rwthlnk/mkl/lib/ia32_lin] ==> [/opt/intel/Compiler/19.1/3.304/rwthlnk/mkl/lib/ia32_lin]
  collapse library dir [/opt/intel/Compiler/19.1/3.304/rwthlnk/tbb/lib/intel64_lin/gcc4.7] ==> [/opt/intel/Compiler/19.1/3.304/rwthlnk/tbb/lib/intel64_lin/gcc4.7]
  collapse library dir [/opt/intel/Compiler/19.1/3.304/rwthlnk/tbb/lib/ia32_lin/gcc4.7] ==> [/opt/intel/Compiler/19.1/3.304/rwthlnk/tbb/lib/ia32_lin/gcc4.7]
  collapse library dir [/rwthfs/rz/SW/intel/Compiler/19.1/3.304/compilers_and_libraries_2020.4.304/linux/compiler/lib/intel64_lin] ==> [/rwthfs/rz/SW/intel/Compiler/19.1/3.304/compilers_and_libraries_2020.4.304/linux/compiler/lib/intel64_lin]
  collapse library dir [/usr/lib/gcc/x86_64-redhat-linux/4.8.5/] ==> [/usr/lib/gcc/x86_64-redhat-linux/4.8.5]
  collapse library dir [/usr/lib/gcc/x86_64-redhat-linux/4.8.5/../../../../lib64] ==> [/usr/lib64]
  collapse library dir [/usr/lib/gcc/x86_64-redhat-linux/4.8.5/../../../../lib64/] ==> [/usr/lib64]
  collapse library dir [/lib/../lib64] ==> [/lib64]
  collapse library dir [/lib/../lib64/] ==> [/lib64]
  collapse library dir [/usr/lib/../lib64] ==> [/usr/lib64]
  collapse library dir [/usr/lib/../lib64/] ==> [/usr/lib64]
  collapse library dir [/opt/intel/Compiler/19.1/3.304/rwthlnk/daal/lib/intel64_lin/] ==> [/opt/intel/Compiler/19.1/3.304/rwthlnk/daal/lib/intel64_lin]
  collapse library dir [/opt/intel/Compiler/19.1/3.304/rwthlnk/daal/lib/ia32_lin/] ==> [/opt/intel/Compiler/19.1/3.304/rwthlnk/daal/lib/ia32_lin]
  collapse library dir [/opt/intel/Compiler/19.1/3.304/rwthlnk/ipp/lib/intel64_lin/] ==> [/opt/intel/Compiler/19.1/3.304/rwthlnk/ipp/lib/intel64_lin]
  collapse library dir [/opt/intel/Compiler/19.1/3.304/rwthlnk/ipp/lib/ia32_lin/] ==> [/opt/intel/Compiler/19.1/3.304/rwthlnk/ipp/lib/ia32_lin]
  collapse library dir [/opt/intel/Compiler/19.1/3.304/rwthlnk/mkl/lib/intel64_lin/] ==> [/opt/intel/Compiler/19.1/3.304/rwthlnk/mkl/lib/intel64_lin]
  collapse library dir [/opt/intel/Compiler/19.1/3.304/rwthlnk/mkl/lib/ia32_lin/] ==> [/opt/intel/Compiler/19.1/3.304/rwthlnk/mkl/lib/ia32_lin]
  collapse library dir [/usr/lib/gcc/x86_64-redhat-linux/4.8.5/../../../] ==> [/usr/lib]
  collapse library dir [/lib64] ==> [/lib64]
  collapse library dir [/lib/] ==> [/lib]
  collapse library dir [/usr/lib64] ==> [/usr/lib64]
  collapse library dir [/usr/lib] ==> [/usr/lib]
  implicit libs: [imf;svml;irng;m;ipgo;decimal;cilkrts;stdc++;gcc;gcc_s;irc;svml;c;gcc;gcc_s;irc_s;dl;c]
  implicit dirs: [/opt/intel/Compiler/19.1/3.304/rwthlnk/daal/lib/intel64_lin;/opt/intel/Compiler/19.1/3.304/rwthlnk/daal/lib/ia32_lin;/opt/intel/Compiler/19.1/3.304/rwthlnk/ipp/lib/intel64_lin;/opt/intel/Compiler/19.1/3.304/rwthlnk/ipp/lib/ia32_lin;/opt/intel/Compiler/19.1/3.304/rwthlnk/mkl/lib/intel64_lin;/opt/intel/Compiler/19.1/3.304/rwthlnk/mkl/lib/ia32_lin;/opt/intel/Compiler/19.1/3.304/rwthlnk/tbb/lib/intel64_lin/gcc4.7;/opt/intel/Compiler/19.1/3.304/rwthlnk/tbb/lib/ia32_lin/gcc4.7;/rwthfs/rz/SW/intel/Compiler/19.1/3.304/compilers_and_libraries_2020.4.304/linux/compiler/lib/intel64_lin;/usr/lib/gcc/x86_64-redhat-linux/4.8.5;/usr/lib64;/lib64;/usr/lib;/lib]
  implicit fwks: []




Detecting C [-std=c11] compiler features compiled with the following output:
Change Dir: /hpcwork/pn744180/parallel-computing/FinalProject/Online_Submission/build-serial/CMakeFiles/CMakeTmp

Run Build Command:"/usr/local_rwth/bin/gmake" "cmTC_2e060/fast"
/usr/local_rwth/bin/gmake -f CMakeFiles/cmTC_2e060.dir/build.make CMakeFiles/cmTC_2e060.dir/build
gmake[1]: Entering directory `/rwthfs/rz/cluster/hpcwork/pn744180/parallel-computing/FinalProject/Online_Submission/build-serial/CMakeFiles/CMakeTmp'
Building C object CMakeFiles/cmTC_2e060.dir/feature_tests.c.o
/opt/intel/Compiler/19.1/3.304/rwthlnk/bin/intel64/icc   -std=c11 -o CMakeFiles/cmTC_2e060.dir/feature_tests.c.o   -c /hpcwork/pn744180/parallel-computing/FinalProject/Online_Submission/build-serial/CMakeFiles/feature_tests.c
Linking C executable cmTC_2e060
/usr/bin/cmake -E cmake_link_script CMakeFiles/cmTC_2e060.dir/link.txt --verbose=1
/opt/intel/Compiler/19.1/3.304/rwthlnk/bin/intel64/icc      -rdynamic CMakeFiles/cmTC_2e060.dir/feature_tests.c.o  -o cmTC_2e060 
gmake[1]: Leaving directory `/rwthfs/rz/cluster/hpcwork/pn744180/parallel-computing/FinalProject/Online_Submission/build-serial/CMakeFiles/CMakeTmp'


    Feature record: C_FEATURE:1c_function_prototypes
    Feature record: C_FEATURE:1c_restrict
    Feature record: C_FEATURE:1c_static_assert
    Feature record: C_FEATURE:1c_variadic_macros


Detecting C [-std=c99] compiler features compiled with the following output:
Change Dir: /hpcwork/pn744180/parallel-computing/FinalProject/Online_Submission/build-serial/CMakeFiles/CMakeTmp

Run Build Command:"/usr/local_rwth/bin/gmake" "cmTC_30279/fast"
/usr/local_rwth/bin/gmake -f CMakeFiles/cmTC_30279.dir/build.make CMakeFiles/cmTC_30279.dir/build
gmake[1]: Entering directory `/rwthfs/rz/cluster/hpcwork/pn744180/parallel-computing/FinalProject/Online_Submission/build-serial/CMakeFiles/CMakeTmp'
Building C object CMakeFiles/cmTC_30279.dir/feature_tests.c.o
/opt/intel/Compiler/19.1/3.304/rwthlnk/bin/intel64/icc   -std=c99 -o CMakeFiles/cmTC_30279.dir/feature_tests.c.o   -c /hpcwork/pn744180/parallel-computing/FinalProject/Online_Submission/build-serial/CMakeFiles/feature_tests.c
Linking C executable cmTC_30279
/usr/bin/cmake -E cmake_link_script CMakeFiles/cmTC_30279.dir/link.txt --verbose=1
/opt/intel/Compiler/19.1/3.304/rwthlnk/bin/intel64/icc      -rdynamic CMakeFiles/cmTC_30279.dir/feature_tests.c.o  -o cmTC_30279 
gmake[1]: Leaving directory `/rwthfs/rz/cluster/hpcwork/pn744180/parallel-computing/FinalProject/Online_Submission/build-serial/CMakeFiles/CMakeTmp'


    Feature record: C_FEATURE:1c_function_prototypes
    Feature record: C_FEATURE:1c_restrict
    Feature record: C_FEATURE:1c_static_assert
    Feature record: C_FEATURE:1c_variadic_macros


Detecting C [-std=c89] compiler features compiled with the following output:
Change Dir: /hpcwork/pn744180/parallel-computing/FinalProject/Online_Submission/build-serial/CMakeFiles/CMakeTmp

Run Build Command:"/usr/local_rwth/bin/gmake" "cmTC_45e2a/fast"
/usr/local_rwth/bin/gmake -f CMakeFiles/cmTC_45e2a.dir/build.make CMakeFiles/cmTC_45e2a.dir/build
gmake[1]: Entering directory `/rwthfs/rz/cluster/hpcwork/pn744180/parallel-computing/FinalProject/Online_Submission/build-serial/CMakeFiles/CMakeTmp'
Building C object CMakeFiles/cmTC_45e2a.dir/feature_tests.c.o
/opt/intel/Compiler/19.1/3.304/rwthlnk/bin/intel64/icc   -std=c89 -o CMakeFiles/cmTC_45e2a.dir/feature_tests.c.o   -c /hpcwork/pn744180/parallel-computing/FinalProject/Online_Submission/build-serial/CMakeFiles/feature_tests.c
Linking C executable cmTC_45e2a
/usr/bin/cmake -E cmake_link_script CMakeFiles/cmTC_45e2a.dir/link.txt --verbose=1
/opt/intel/Compiler/19.1/3.304/rwthlnk/bin/intel64/icc      -rdynamic CMakeFiles/cmTC_45e2a.dir/feature_tests.c.o  -o cmTC_45e2a 
gmake[1]: Leaving directory `/rwthfs/rz/cluster/hpcwork/pn744180/parallel-computing/FinalProject/Online_Submission/build-serial/CMakeFiles/CMakeTmp'


    Feature record: C_FEATURE:1c_function_prototypes
    Feature record: C_FEATURE:0c_restrict
    Feature record: C_FEATURE:0c_static_assert
    Feature record: C_FEATURE:0c_variadic_macros
Determining if the CXX compiler works passed with the following output:
Change Dir: /hpcwork/pn744180/parallel-computing/FinalProject/Online_Submission/build-serial/CMakeFiles/CMakeTmp

Run Build Command:"/usr/local_rwth/bin/gmake" "cmTC_88c88/fast"
/usr/local_rwth/bin/gmake -f CMakeFiles/cmTC_88c88.dir/build.make CMakeFiles/cmTC_88c88.dir/build
gmake[1]: Entering directory `/rwthfs/rz/cluster/hpcwork/pn744180/parallel-computing/FinalProject/Online_Submission/build-serial/CMakeFiles/CMakeTmp'
Building CXX object CMakeFiles/cmTC_88c88.dir/testCXXCompiler.cxx.o
/opt/intel/Compiler/19.1/3.304/rwthlnk/bin/intel64/icpc     -o CMakeFiles/cmTC_88c88.dir/testCXXCompiler.cxx.o -c /hpcwork/pn744180/parallel-computing/FinalProject/Online_Submission/build-serial/CMakeFiles/CMakeTmp/testCXXCompiler.cxx
Linking CXX executable cmTC_88c88
/usr/bin/cmake -E cmake_link_script CMakeFiles/cmTC_88c88.dir/link.txt --verbose=1
/opt/intel/Compiler/19.1/3.304/rwthlnk/bin/intel64/icpc       -rdynamic CMakeFiles/cmTC_88c88.dir/testCXXCompiler.cxx.o  -o cmTC_88c88 
gmake[1]: Leaving directory `/rwthfs/rz/cluster/hpcwork/pn744180/parallel-computing/FinalProject/Online_Submission/build-serial/CMakeFiles/CMakeTmp'


Detecting CXX compiler ABI info compiled with the following output:
Change Dir: /hpcwork/pn744180/parallel-computing/FinalProject/Online_Submission/build-serial/CMakeFiles/CMakeTmp

Run Build Command:"/usr/local_rwth/bin/gmake" "cmTC_97988/fast"
/usr/local_rwth/bin/gmake -f CMakeFiles/cmTC_97988.dir/build.make CMakeFiles/cmTC_97988.dir/build
gmake[1]: Entering directory `/rwthfs/rz/cluster/hpcwork/pn744180/parallel-computing/FinalProject/Online_Submission/build-serial/CMakeFiles/CMakeTmp'
Building CXX object CMakeFiles/cmTC_97988.dir/CMakeCXXCompilerABI.cpp.o
/opt/intel/Compiler/19.1/3.304/rwthlnk/bin/intel64/icpc     -o CMakeFiles/cmTC_97988.dir/CMakeCXXCompilerABI.cpp.o -c /usr/share/cmake/Modules/CMakeCXXCompilerABI.cpp
Linking CXX executable cmTC_97988
/usr/bin/cmake -E cmake_link_script CMakeFiles/cmTC_97988.dir/link.txt --verbose=1
/opt/intel/Compiler/19.1/3.304/rwthlnk/bin/intel64/icpc      -v -rdynamic CMakeFiles/cmTC_97988.dir/CMakeCXXCompilerABI.cpp.o  -o cmTC_97988 
icpc version 19.1.3.304 (gcc version 4.8.5 compatibility)
/rwthfs/rz/SW/intel/Compiler/19.1/3.304/compilers_and_libraries_2020.4.304/linux/bin/intel64/mcpcom    -mGLOB_em64t=TRUE -mP1OPT_version=19.1-intel64 -mGLOB_diag_file=CMakeFiles/cmTC_97988.dir/CMakeCXXCompilerABI.cpp.diag -mGLOB_long_size_64 -mGLOB_routine_pointer_size_64 -mP1OPT_print_version=FALSE -mCG_use_gas_got_workaround=F -mP2OPT_align_option_used=TRUE -mGLOB_gcc_version=485 "-mGLOB_options_string=-v -rdynamic -o cmTC_97988" -mGLOB_cxx_limited_range=FALSE -mCG_extend_parms=FALSE -mGLOB_compiler_bin_directory=/rwthfs/rz/SW/intel/Compiler/19.1/3.304/compilers_and_libraries_2020.4.304/linux/bin/intel64 -mGLOB_as_output_backup_file_name=/tmp/pn744180/login18-1_182118/icpcigWfjxas_.s -mGLOB_dashboard_use_source_name -mIPOPT_activate -mGLOB_product_id_code=0x22006d90 -mP3OPT_use_mspp_call_convention -mP2OPT_subs_out_of_bound=FALSE -mP2OPT_disam_type_based_disam=2 -mP2OPT_disam_assume_ansi_c -mP2OPT_checked_disam_ansi_alias=TRUE -mGLOB_ansi_alias -mPGOPTI_value_profile_use=T -mGLOB_opt_report_use_source_name -mP2OPT_il0_array_sections=TRUE -mGLOB_offload_mode=1 -mP2OPT_offload_unique_var_string=icpc20305524600zPozm -mP2OPT_hlo -mP2OPT_hpo_rtt_control=0 -mIPOPT_args_in_regs=0 -mP2OPT_disam_assume_nonstd_intent_in=FALSE -mGLOB_imf_mapping_library=/rwthfs/rz/SW/intel/Compiler/19.1/3.304/compilers_and_libraries_2020.4.304/linux/bin/intel64/libiml_attr.so -mPGOPTI_gen_threadsafe_level=0 -mIPOPT_link -mIPOPT_ipo_activate -mIPOPT_mo_activate -mIPOPT_source_files_list=/tmp/pn744180/login18-1_182118/icpcslisCmLoBK -mIPOPT_mo_global_data -mIPOPT_link_script_file=/tmp/pn744180/login18-1_182118/icpcscript0g4hXD "-mIPOPT_cmdline_link="/usr/lib/gcc/x86_64-redhat-linux/4.8.5/../../../../lib64/crt1.o" "/usr/lib/gcc/x86_64-redhat-linux/4.8.5/../../../../lib64/crti.o" "/usr/lib/gcc/x86_64-redhat-linux/4.8.5/crtbegin.o" "-export-dynamic" "--eh-frame-hdr" "--build-id" "-dynamic-linker" "/lib64/ld-linux-x86-64.so.2" "-m" "elf_x86_64" "-o" "cmTC_97988" "-L/opt/intel/Compiler/19.1/3.304/rwthlnk/daal/lib/intel64_lin" "-L/opt/intel/Compiler/19.1/3.304/rwthlnk/daal/lib/ia32_lin" "-L/opt/intel/Compiler/19.1/3.304/rwthlnk/ipp/lib/intel64_lin" "-L/opt/intel/Compiler/19.1/3.304/rwthlnk/ipp/lib/ia32_lin" "-L/opt/intel/Compiler/19.1/3.304/rwthlnk/mkl/lib/intel64_lin" "-L/opt/intel/Compiler/19.1/3.304/rwthlnk/mkl/lib/ia32_lin" "-L/opt/intel/Compiler/19.1/3.304/rwthlnk/tbb/lib/intel64_lin/gcc4.7" "-L/opt/intel/Compiler/19.1/3.304/rwthlnk/tbb/lib/ia32_lin/gcc4.7" "-L/rwthfs/rz/SW/intel/Compiler/19.1/3.304/compilers_and_libraries_2020.4.304/linux/compiler/lib/intel64_lin" "-L/usr/lib/gcc/x86_64-redhat-linux/4.8.5/" "-L/usr/lib/gcc/x86_64-redhat-linux/4.8.5/../../../../lib64" "-L/usr/lib/gcc/x86_64-redhat-linux/4.8.5/../../../../lib64/" "-L/lib/../lib64" "-L/lib/../lib64/" "-L/usr/lib/../lib64" "-L/usr/lib/../lib64/" "-L/opt/intel/Compiler/19.1/3.304/rwthlnk/daal/lib/intel64_lin/" "-L/opt/intel/Compiler/19.1/3.304/rwthlnk/daal/lib/ia32_lin/" "-L/opt/intel/Compiler/19.1/3.304/rwthlnk/ipp/lib/intel64_lin/" "-L/opt/intel/Compiler/19.1/3.304/rwthlnk/ipp/lib/ia32_lin/" "-L/opt/intel/Compiler/19.1/3.304/rwthlnk/mkl/lib/intel64_lin/" "-L/opt/intel/Compiler/19.1/3.304/rwthlnk/mkl/lib/ia32_lin/" "-L/usr/lib/gcc/x86_64-redhat-linux/4.8.5/../../../" "-L/lib64" "-L/lib/" "-L/usr/lib64" "-L/usr/lib" "CMakeFiles/cmTC_97988.dir/CMakeCXXCompilerABI.cpp.o" "-Bdynamic" "-Bstatic" "-limf" "-lsvml" "-lirng" "-Bdynamic" "-lstdc++" "-lm" "-Bstatic" "-lipgo" "-ldecimal" "--as-needed" "-Bdynamic" "-lcilkrts" "--no-as-needed" "-lstdc++" "-lgcc" "-lgcc_s" "-Bstatic" "-lirc" "-lsvml" "-Bdynamic" "-lc" "-lgcc" "-lgcc_s" "-Bstatic" "-lirc_s" "-Bdynamic" "-ldl" "-lc" "/usr/lib/gcc/x86_64-redhat-linux/4.8.5/crtend.o" "/usr/lib/gcc/x86_64-redhat-linux/4.8.5/../../../../lib64/crtn.o"" -mIPOPT_il_in_obj -mIPOPT_ipo_activate_warn=FALSE -mIPOPT_obj_output_file_name=/tmp/pn744180/login18-1_182118/ipo_icpce8Cmvo.o -mIPOPT_whole_archive_fixup_file_name=/tmp/pn744180/login18-1_182118/icpcwarchUa961j -mGLOB_linker_version=2.27 -mGLOB_linker=ld -mGLOB_driver_tempfile_name=/tmp/pn744180/login18-1_182118/icpctempfileexHYod -mP3OPT_asm_target=P3OPT_ASM_TARGET_GAS -mGLOB_async_unwind_tables=TRUE -mGLOB_obj_output_file=/tmp/pn744180/login18-1_182118/ipo_icpce8Cmvo.o -mGLOB_source_dialect=GLOB_SOURCE_DIALECT_NONE -mP1OPT_source_file_name=ipo_out.c CMakeFiles/cmTC_97988.dir/CMakeCXXCompilerABI.cpp.o -mIPOPT_object_files=T -mIPOPT_assembly_files=/tmp/pn744180/login18-1_182118/icpcalisAG0rcb -mIPOPT_generated_tempfiles=/tmp/pn744180/login18-1_182118/icpcelisa5d6x4 -mIPOPT_embedded_object_base_name=/tmp/pn744180/login18-1_182118/icpceobjaXfNTX -mIPOPT_cmdline_link_new_name=/tmp/pn744180/login18-1_182118/icpcllis0LCzfR
ld    /usr/lib/gcc/x86_64-redhat-linux/4.8.5/../../../../lib64/crt1.o /usr/lib/gcc/x86_64-redhat-linux/4.8.5/../../../../lib64/crti.o /usr/lib/gcc/x86_64-redhat-linux/4.8.5/crtbegin.o -export-dynamic --eh-frame-hdr --build-id -dynamic-linker /lib64/ld-linux-x86-64.so.2 -m elf_x86_64 -o cmTC_97988 -L/opt/intel/Compiler/19.1/3.304/rwthlnk/daal/lib/intel64_lin -L/opt/intel/Compiler/19.1/3.304/rwthlnk/daal/lib/ia32_lin -L/opt/intel/Compiler/19.1/3.304/rwthlnk/ipp/lib/intel64_lin -L/opt/intel/Compiler/19.1/3.304/rwthlnk/ipp/lib/ia32_lin -L/opt/intel/Compiler/19.1/3.304/rwthlnk/mkl/lib/intel64_lin -L/opt/intel/Compiler/19.1/3.304/rwthlnk/mkl/lib/ia32_lin -L/opt/intel/Compiler/19.1/3.304/rwthlnk/tbb/lib/intel64_lin/gcc4.7 -L/opt/intel/Compiler/19.1/3.304/rwthlnk/tbb/lib/ia32_lin/gcc4.7 -L/rwthfs/rz/SW/intel/Compiler/19.1/3.304/compilers_and_libraries_2020.4.304/linux/compiler/lib/intel64_lin -L/usr/lib/gcc/x86_64-redhat-linux/4.8.5/ -L/usr/lib/gcc/x86_64-redhat-linux/4.8.5/../../../../lib64 -L/usr/lib/gcc/x86_64-redhat-linux/4.8.5/../../../../lib64/ -L/lib/../lib64 -L/lib/../lib64/ -L/usr/lib/../lib64 -L/usr/lib/../lib64/ -L/opt/intel/Compiler/19.1/3.304/rwthlnk/daal/lib/intel64_lin/ -L/opt/intel/Compiler/19.1/3.304/rwthlnk/daal/lib/ia32_lin/ -L/opt/intel/Compiler/19.1/3.304/rwthlnk/ipp/lib/intel64_lin/ -L/opt/intel/Compiler/19.1/3.304/rwthlnk/ipp/lib/ia32_lin/ -L/opt/intel/Compiler/19.1/3.304/rwthlnk/mkl/lib/intel64_lin/ -L/opt/intel/Compiler/19.1/3.304/rwthlnk/mkl/lib/ia32_lin/ -L/usr/lib/gcc/x86_64-redhat-linux/4.8.5/../../../ -L/lib64 -L/lib/ -L/usr/lib64 -L/usr/lib CMakeFiles/cmTC_97988.dir/CMakeCXXCompilerABI.cpp.o -Bdynamic -Bstatic -limf -lsvml -lirng -Bdynamic -lstdc++ -lm -Bstatic -lipgo -ldecimal --as-needed -Bdynamic -lcilkrts --no-as-needed -lstdc++ -lgcc -lgcc_s -Bstatic -lirc -lsvml -Bdynamic -lc -lgcc -lgcc_s -Bstatic -lirc_s -Bdynamic -ldl -lc /usr/lib/gcc/x86_64-redhat-linux/4.8.5/crtend.o /usr/lib/gcc/x86_64-redhat-linux/4.8.5/../../../../lib64/crtn.o
gmake[1]: Leaving directory `/rwthfs/rz/cluster/hpcwork/pn744180/parallel-computing/FinalProject/Online_Submission/build-serial/CMakeFiles/CMakeTmp'


Parsed CXX implicit link information from above output:
  link line regex: [^( *|.*[/\])(ld|CMAKE_LINK_STARTFILE-NOTFOUND|([^/\]+-)?ld|collect2)[^/\]*( |$)]
  ignore line: [Change Dir: /hpcwork/pn744180/parallel-computing/FinalProject/Online_Submission/build-serial/CMakeFiles/CMakeTmp]
  ignore line: []
  ignore line: [Run Build Command:"/usr/local_rwth/bin/gmake" "cmTC_97988/fast"]
  ignore line: [/usr/local_rwth/bin/gmake -f CMakeFiles/cmTC_97988.dir/build.make CMakeFiles/cmTC_97988.dir/build]
  ignore line: [gmake[1]: Entering directory `/rwthfs/rz/cluster/hpcwork/pn744180/parallel-computing/FinalProject/Online_Submission/build-serial/CMakeFiles/CMakeTmp']
  ignore line: [Building CXX object CMakeFiles/cmTC_97988.dir/CMakeCXXCompilerABI.cpp.o]
  ignore line: [/opt/intel/Compiler/19.1/3.304/rwthlnk/bin/intel64/icpc     -o CMakeFiles/cmTC_97988.dir/CMakeCXXCompilerABI.cpp.o -c /usr/share/cmake/Modules/CMakeCXXCompilerABI.cpp]
  ignore line: [Linking CXX executable cmTC_97988]
  ignore line: [/usr/bin/cmake -E cmake_link_script CMakeFiles/cmTC_97988.dir/link.txt --verbose=1]
  ignore line: [/opt/intel/Compiler/19.1/3.304/rwthlnk/bin/intel64/icpc      -v -rdynamic CMakeFiles/cmTC_97988.dir/CMakeCXXCompilerABI.cpp.o  -o cmTC_97988 ]
  ignore line: [icpc version 19.1.3.304 (gcc version 4.8.5 compatibility)]
  ignore line: [/rwthfs/rz/SW/intel/Compiler/19.1/3.304/compilers_and_libraries_2020.4.304/linux/bin/intel64/mcpcom    -mGLOB_em64t=TRUE -mP1OPT_version=19.1-intel64 -mGLOB_diag_file=CMakeFiles/cmTC_97988.dir/CMakeCXXCompilerABI.cpp.diag -mGLOB_long_size_64 -mGLOB_routine_pointer_size_64 -mP1OPT_print_version=FALSE -mCG_use_gas_got_workaround=F -mP2OPT_align_option_used=TRUE -mGLOB_gcc_version=485 "-mGLOB_options_string=-v -rdynamic -o cmTC_97988" -mGLOB_cxx_limited_range=FALSE -mCG_extend_parms=FALSE -mGLOB_compiler_bin_directory=/rwthfs/rz/SW/intel/Compiler/19.1/3.304/compilers_and_libraries_2020.4.304/linux/bin/intel64 -mGLOB_as_output_backup_file_name=/tmp/pn744180/login18-1_182118/icpcigWfjxas_.s -mGLOB_dashboard_use_source_name -mIPOPT_activate -mGLOB_product_id_code=0x22006d90 -mP3OPT_use_mspp_call_convention -mP2OPT_subs_out_of_bound=FALSE -mP2OPT_disam_type_based_disam=2 -mP2OPT_disam_assume_ansi_c -mP2OPT_checked_disam_ansi_alias=TRUE -mGLOB_ansi_alias -mPGOPTI_value_profile_use=T -mGLOB_opt_report_use_source_name -mP2OPT_il0_array_sections=TRUE -mGLOB_offload_mode=1 -mP2OPT_offload_unique_var_string=icpc20305524600zPozm -mP2OPT_hlo -mP2OPT_hpo_rtt_control=0 -mIPOPT_args_in_regs=0 -mP2OPT_disam_assume_nonstd_intent_in=FALSE -mGLOB_imf_mapping_library=/rwthfs/rz/SW/intel/Compiler/19.1/3.304/compilers_and_libraries_2020.4.304/linux/bin/intel64/libiml_attr.so -mPGOPTI_gen_threadsafe_level=0 -mIPOPT_link -mIPOPT_ipo_activate -mIPOPT_mo_activate -mIPOPT_source_files_list=/tmp/pn744180/login18-1_182118/icpcslisCmLoBK -mIPOPT_mo_global_data -mIPOPT_link_script_file=/tmp/pn744180/login18-1_182118/icpcscript0g4hXD "-mIPOPT_cmdline_link="/usr/lib/gcc/x86_64-redhat-linux/4.8.5/../../../../lib64/crt1.o" "/usr/lib/gcc/x86_64-redhat-linux/4.8.5/../../../../lib64/crti.o" "/usr/lib/gcc/x86_64-redhat-linux/4.8.5/crtbegin.o" "-export-dynamic" "--eh-frame-hdr" "--build-id" "-dynamic-linker" "/lib64/ld-linux-x86-64.so.2" "-m" "elf_x86_64" "-o" "cmTC_97988" "-L/opt/intel/Compiler/19.1/3.304/rwthlnk/daal/lib/intel64_lin" "-L/opt/intel/Compiler/19.1/3.304/rwthlnk/daal/lib/ia32_lin" "-L/opt/intel/Compiler/19.1/3.304/rwthlnk/ipp/lib/intel64_lin" "-L/opt/intel/Compiler/19.1/3.304/rwthlnk/ipp/lib/ia32_lin" "-L/opt/intel/Compiler/19.1/3.304/rwthlnk/mkl/lib/intel64_lin" "-L/opt/intel/Compiler/19.1/3.304/rwthlnk/mkl/lib/ia32_lin" "-L/opt/intel/Compiler/19.1/3.304/rwthlnk/tbb/lib/intel64_lin/gcc4.7" "-L/opt/intel/Compiler/19.1/3.304/rwthlnk/tbb/lib/ia32_lin/gcc4.7" "-L/rwthfs/rz/SW/intel/Compiler/19.1/3.304/compilers_and_libraries_2020.4.304/linux/compiler/lib/intel64_lin" "-L/usr/lib/gcc/x86_64-redhat-linux/4.8.5/" "-L/usr/lib/gcc/x86_64-redhat-linux/4.8.5/../../../../lib64" "-L/usr/lib/gcc/x86_64-redhat-linux/4.8.5/../../../../lib64/" "-L/lib/../lib64" "-L/lib/../lib64/" "-L/usr/lib/../lib64" "-L/usr/lib/../lib64/" "-L/opt/intel/Compiler/19.1/3.304/rwthlnk/daal/lib/intel64_lin/" "-L/opt/intel/Compiler/19.1/3.304/rwthlnk/daal/lib/ia32_lin/" "-L/opt/intel/Compiler/19.1/3.304/rwthlnk/ipp/lib/intel64_lin/" "-L/opt/intel/Compiler/19.1/3.304/rwthlnk/ipp/lib/ia32_lin/" "-L/opt/intel/Compiler/19.1/3.304/rwthlnk/mkl/lib/intel64_lin/" "-L/opt/intel/Compiler/19.1/3.304/rwthlnk/mkl/lib/ia32_lin/" "-L/usr/lib/gcc/x86_64-redhat-linux/4.8.5/../../../" "-L/lib64" "-L/lib/" "-L/usr/lib64" "-L/usr/lib" "CMakeFiles/cmTC_97988.dir/CMakeCXXCompilerABI.cpp.o" "-Bdynamic" "-Bstatic" "-limf" "-lsvml" "-lirng" "-Bdynamic" "-lstdc++" "-lm" "-Bstatic" "-lipgo" "-ldecimal" "--as-needed" "-Bdynamic" "-lcilkrts" "--no-as-needed" "-lstdc++" "-lgcc" "-lgcc_s" "-Bstatic" "-lirc" "-lsvml" "-Bdynamic" "-lc" "-lgcc" "-lgcc_s" "-Bstatic" "-lirc_s" "-Bdynamic" "-ldl" "-lc" "/usr/lib/gcc/x86_64-redhat-linux/4.8.5/crtend.o" "/usr/lib/gcc/x86_64-redhat-linux/4.8.5/../../../../lib64/crtn.o"" -mIPOPT_il_in_obj -mIPOPT_ipo_activate_warn=FALSE -mIPOPT_obj_output_file_name=/tmp/pn744180/login18-1_182118/ipo_icpce8Cmvo.o -mIPOPT_whole_archive_fixup_file_name=/tmp/pn744180/login18-1_182118/icpcwarchUa961j -mGLOB_linker_version=2.27 -mGLOB_linker=ld -mGLOB_driver_tempfile_name=/tmp/pn744180/login18-1_182118/icpctempfileexHYod -mP3OPT_asm_target=P3OPT_ASM_TARGET_GAS -mGLOB_async_unwind_tables=TRUE -mGLOB_obj_output_file=/tmp/pn744180/login18-1_182118/ipo_icpce8Cmvo.o -mGLOB_source_dialect=GLOB_SOURCE_DIALECT_NONE -mP1OPT_source_file_name=ipo_out.c CMakeFiles/cmTC_97988.dir/CMakeCXXCompilerABI.cpp.o -mIPOPT_object_files=T -mIPOPT_assembly_files=/tmp/pn744180/login18-1_182118/icpcalisAG0rcb -mIPOPT_generated_tempfiles=/tmp/pn744180/login18-1_182118/icpcelisa5d6x4 -mIPOPT_embedded_object_base_name=/tmp/pn744180/login18-1_182118/icpceobjaXfNTX -mIPOPT_cmdline_link_new_name=/tmp/pn744180/login18-1_182118/icpcllis0LCzfR]
  link line: [ld    /usr/lib/gcc/x86_64-redhat-linux/4.8.5/../../../../lib64/crt1.o /usr/lib/gcc/x86_64-redhat-linux/4.8.5/../../../../lib64/crti.o /usr/lib/gcc/x86_64-redhat-linux/4.8.5/crtbegin.o -export-dynamic --eh-frame-hdr --build-id -dynamic-linker /lib64/ld-linux-x86-64.so.2 -m elf_x86_64 -o cmTC_97988 -L/opt/intel/Compiler/19.1/3.304/rwthlnk/daal/lib/intel64_lin -L/opt/intel/Compiler/19.1/3.304/rwthlnk/daal/lib/ia32_lin -L/opt/intel/Compiler/19.1/3.304/rwthlnk/ipp/lib/intel64_lin -L/opt/intel/Compiler/19.1/3.304/rwthlnk/ipp/lib/ia32_lin -L/opt/intel/Compiler/19.1/3.304/rwthlnk/mkl/lib/intel64_lin -L/opt/intel/Compiler/19.1/3.304/rwthlnk/mkl/lib/ia32_lin -L/opt/intel/Compiler/19.1/3.304/rwthlnk/tbb/lib/intel64_lin/gcc4.7 -L/opt/intel/Compiler/19.1/3.304/rwthlnk/tbb/lib/ia32_lin/gcc4.7 -L/rwthfs/rz/SW/intel/Compiler/19.1/3.304/compilers_and_libraries_2020.4.304/linux/compiler/lib/intel64_lin -L/usr/lib/gcc/x86_64-redhat-linux/4.8.5/ -L/usr/lib/gcc/x86_64-redhat-linux/4.8.5/../../../../lib64 -L/usr/lib/gcc/x86_64-redhat-linux/4.8.5/../../../../lib64/ -L/lib/../lib64 -L/lib/../lib64/ -L/usr/lib/../lib64 -L/usr/lib/../lib64/ -L/opt/intel/Compiler/19.1/3.304/rwthlnk/daal/lib/intel64_lin/ -L/opt/intel/Compiler/19.1/3.304/rwthlnk/daal/lib/ia32_lin/ -L/opt/intel/Compiler/19.1/3.304/rwthlnk/ipp/lib/intel64_lin/ -L/opt/intel/Compiler/19.1/3.304/rwthlnk/ipp/lib/ia32_lin/ -L/opt/intel/Compiler/19.1/3.304/rwthlnk/mkl/lib/intel64_lin/ -L/opt/intel/Compiler/19.1/3.304/rwthlnk/mkl/lib/ia32_lin/ -L/usr/lib/gcc/x86_64-redhat-linux/4.8.5/../../../ -L/lib64 -L/lib/ -L/usr/lib64 -L/usr/lib CMakeFiles/cmTC_97988.dir/CMakeCXXCompilerABI.cpp.o -Bdynamic -Bstatic -limf -lsvml -lirng -Bdynamic -lstdc++ -lm -Bstatic -lipgo -ldecimal --as-needed -Bdynamic -lcilkrts --no-as-needed -lstdc++ -lgcc -lgcc_s -Bstatic -lirc -lsvml -Bdynamic -lc -lgcc -lgcc_s -Bstatic -lirc_s -Bdynamic -ldl -lc /usr/lib/gcc/x86_64-redhat-linux/4.8.5/crtend.o /usr/lib/gcc/x86_64-redhat-linux/4.8.5/../../../../lib64/crtn.o]
    arg [ld] ==> ignore
    arg [/usr/lib/gcc/x86_64-redhat-linux/4.8.5/../../../../lib64/crt1.o] ==> ignore
    arg [/usr/lib/gcc/x86_64-redhat-linux/4.8.5/../../../../lib64/crti.o] ==> ignore
    arg [/usr/lib/gcc/x86_64-redhat-linux/4.8.5/crtbegin.o] ==> ignore
    arg [-export-dynamic] ==> ignore
    arg [--eh-frame-hdr] ==> ignore
    arg [--build-id] ==> ignore
    arg [-dynamic-linker] ==> ignore
    arg [/lib64/ld-linux-x86-64.so.2] ==> ignore
    arg [-m] ==> ignore
    arg [elf_x86_64] ==> ignore
    arg [-o] ==> ignore
    arg [cmTC_97988] ==> ignore
    arg [-L/opt/intel/Compiler/19.1/3.304/rwthlnk/daal/lib/intel64_lin] ==> dir [/opt/intel/Compiler/19.1/3.304/rwthlnk/daal/lib/intel64_lin]
    arg [-L/opt/intel/Compiler/19.1/3.304/rwthlnk/daal/lib/ia32_lin] ==> dir [/opt/intel/Compiler/19.1/3.304/rwthlnk/daal/lib/ia32_lin]
    arg [-L/opt/intel/Compiler/19.1/3.304/rwthlnk/ipp/lib/intel64_lin] ==> dir [/opt/intel/Compiler/19.1/3.304/rwthlnk/ipp/lib/intel64_lin]
    arg [-L/opt/intel/Compiler/19.1/3.304/rwthlnk/ipp/lib/ia32_lin] ==> dir [/opt/intel/Compiler/19.1/3.304/rwthlnk/ipp/lib/ia32_lin]
    arg [-L/opt/intel/Compiler/19.1/3.304/rwthlnk/mkl/lib/intel64_lin] ==> dir [/opt/intel/Compiler/19.1/3.304/rwthlnk/mkl/lib/intel64_lin]
    arg [-L/opt/intel/Compiler/19.1/3.304/rwthlnk/mkl/lib/ia32_lin] ==> dir [/opt/intel/Compiler/19.1/3.304/rwthlnk/mkl/lib/ia32_lin]
    arg [-L/opt/intel/Compiler/19.1/3.304/rwthlnk/tbb/lib/intel64_lin/gcc4.7] ==> dir [/opt/intel/Compiler/19.1/3.304/rwthlnk/tbb/lib/intel64_lin/gcc4.7]
    arg [-L/opt/intel/Compiler/19.1/3.304/rwthlnk/tbb/lib/ia32_lin/gcc4.7] ==> dir [/opt/intel/Compiler/19.1/3.304/rwthlnk/tbb/lib/ia32_lin/gcc4.7]
    arg [-L/rwthfs/rz/SW/intel/Compiler/19.1/3.304/compilers_and_libraries_2020.4.304/linux/compiler/lib/intel64_lin] ==> dir [/rwthfs/rz/SW/intel/Compiler/19.1/3.304/compilers_and_libraries_2020.4.304/linux/compiler/lib/intel64_lin]
    arg [-L/usr/lib/gcc/x86_64-redhat-linux/4.8.5/] ==> dir [/usr/lib/gcc/x86_64-redhat-linux/4.8.5/]
    arg [-L/usr/lib/gcc/x86_64-redhat-linux/4.8.5/../../../../lib64] ==> dir [/usr/lib/gcc/x86_64-redhat-linux/4.8.5/../../../../lib64]
    arg [-L/usr/lib/gcc/x86_64-redhat-linux/4.8.5/../../../../lib64/] ==> dir [/usr/lib/gcc/x86_64-redhat-linux/4.8.5/../../../../lib64/]
    arg [-L/lib/../lib64] ==> dir [/lib/../lib64]
    arg [-L/lib/../lib64/] ==> dir [/lib/../lib64/]
    arg [-L/usr/lib/../lib64] ==> dir [/usr/lib/../lib64]
    arg [-L/usr/lib/../lib64/] ==> dir [/usr/lib/../lib64/]
    arg [-L/opt/intel/Compiler/19.1/3.304/rwthlnk/daal/lib/intel64_lin/] ==> dir [/opt/intel/Compiler/19.1/3.304/rwthlnk/daal/lib/intel64_lin/]
    arg [-L/opt/intel/Compiler/19.1/3.304/rwthlnk/daal/lib/ia32_lin/] ==> dir [/opt/intel/Compiler/19.1/3.304/rwthlnk/daal/lib/ia32_lin/]
    arg [-L/opt/intel/Compiler/19.1/3.304/rwthlnk/ipp/lib/intel64_lin/] ==> dir [/opt/intel/Compiler/19.1/3.304/rwthlnk/ipp/lib/intel64_lin/]
    arg [-L/opt/intel/Compiler/19.1/3.304/rwthlnk/ipp/lib/ia32_lin/] ==> dir [/opt/intel/Compiler/19.1/3.304/rwthlnk/ipp/lib/ia32_lin/]
    arg [-L/opt/intel/Compiler/19.1/3.304/rwthlnk/mkl/lib/intel64_lin/] ==> dir [/opt/intel/Compiler/19.1/3.304/rwthlnk/mkl/lib/intel64_lin/]
    arg [-L/opt/intel/Compiler/19.1/3.304/rwthlnk/mkl/lib/ia32_lin/] ==> dir [/opt/intel/Compiler/19.1/3.304/rwthlnk/mkl/lib/ia32_lin/]
    arg [-L/usr/lib/gcc/x86_64-redhat-linux/4.8.5/../../../] ==> dir [/usr/lib/gcc/x86_64-redhat-linux/4.8.5/../../../]
    arg [-L/lib64] ==> dir [/lib64]
    arg [-L/lib/] ==> dir [/lib/]
    arg [-L/usr/lib64] ==> dir [/usr/lib64]
    arg [-L/usr/lib] ==> dir [/usr/lib]
    arg [CMakeFiles/cmTC_97988.dir/CMakeCXXCompilerABI.cpp.o] ==> ignore
    arg [-Bdynamic] ==> ignore
    arg [-Bstatic] ==> ignore
    arg [-limf] ==> lib [imf]
    arg [-lsvml] ==> lib [svml]
    arg [-lirng] ==> lib [irng]
    arg [-Bdynamic] ==> ignore
    arg [-lstdc++] ==> lib [stdc++]
    arg [-lm] ==> lib [m]
    arg [-Bstatic] ==> ignore
    arg [-lipgo] ==> lib [ipgo]
    arg [-ldecimal] ==> lib [decimal]
    arg [--as-needed] ==> ignore
    arg [-Bdynamic] ==> ignore
    arg [-lcilkrts] ==> lib [cilkrts]
    arg [--no-as-needed] ==> ignore
    arg [-lstdc++] ==> lib [stdc++]
    arg [-lgcc] ==> lib [gcc]
    arg [-lgcc_s] ==> lib [gcc_s]
    arg [-Bstatic] ==> ignore
    arg [-lirc] ==> lib [irc]
    arg [-lsvml] ==> lib [svml]
    arg [-Bdynamic] ==> ignore
    arg [-lc] ==> lib [c]
    arg [-lgcc] ==> lib [gcc]
    arg [-lgcc_s] ==> lib [gcc_s]
    arg [-Bstatic] ==> ignore
    arg [-lirc_s] ==> lib [irc_s]
    arg [-Bdynamic] ==> ignore
    arg [-ldl] ==> lib [dl]
    arg [-lc] ==> lib [c]
    arg [/usr/lib/gcc/x86_64-redhat-linux/4.8.5/crtend.o] ==> ignore
    arg [/usr/lib/gcc/x86_64-redhat-linux/4.8.5/../../../../lib64/crtn.o] ==> ignore
  collapse library dir [/opt/intel/Compiler/19.1/3.304/rwthlnk/daal/lib/intel64_lin] ==> [/opt/intel/Compiler/19.1/3.304/rwthlnk/daal/lib/intel64_lin]
  collapse library dir [/opt/intel/Compiler/19.1/3.304/rwthlnk/daal/lib/ia32_lin] ==> [/opt/intel/Compiler/19.1/3.304/rwthlnk/daal/lib/ia32_lin]
  collapse library dir [/opt/intel/Compiler/19.1/3.304/rwthlnk/ipp/lib/intel64_lin] ==> [/opt/intel/Compiler/19.1/3.304/rwthlnk/ipp/lib/intel64_lin]
  collapse library dir [/opt/intel/Compiler/19.1/3.304/rwthlnk/ipp/lib/ia32_lin] ==> [/opt/intel/Compiler/19.1/3.304/rwthlnk/ipp/lib/ia32_lin]
  collapse library dir [/opt/intel/Compiler/19.1/3.304/rwthlnk/mkl/lib/intel64_lin] ==> [/opt/intel/Compiler/19.1/3.304/rwthlnk/mkl/lib/intel64_lin]
  collapse library dir [/opt/intel/Compiler/19.1/3.304/rwthlnk/mkl/lib/ia32_lin] ==> [/opt/intel/Compiler/19.1/3.304/rwthlnk/mkl/lib/ia32_lin]
  collapse library dir [/opt/intel/Compiler/19.1/3.304/rwthlnk/tbb/lib/intel64_lin/gcc4.7] ==> [/opt/intel/Compiler/19.1/3.304/rwthlnk/tbb/lib/intel64_lin/gcc4.7]
  collapse library dir [/opt/intel/Compiler/19.1/3.304/rwthlnk/tbb/lib/ia32_lin/gcc4.7] ==> [/opt/intel/Compiler/19.1/3.304/rwthlnk/tbb/lib/ia32_lin/gcc4.7]
  collapse library dir [/rwthfs/rz/SW/intel/Compiler/19.1/3.304/compilers_and_libraries_2020.4.304/linux/compiler/lib/intel64_lin] ==> [/rwthfs/rz/SW/intel/Compiler/19.1/3.304/compilers_and_libraries_2020.4.304/linux/compiler/lib/intel64_lin]
  collapse library dir [/usr/lib/gcc/x86_64-redhat-linux/4.8.5/] ==> [/usr/lib/gcc/x86_64-redhat-linux/4.8.5]
  collapse library dir [/usr/lib/gcc/x86_64-redhat-linux/4.8.5/../../../../lib64] ==> [/usr/lib64]
  collapse library dir [/usr/lib/gcc/x86_64-redhat-linux/4.8.5/../../../../lib64/] ==> [/usr/lib64]
  collapse library dir [/lib/../lib64] ==> [/lib64]
  collapse library dir [/lib/../lib64/] ==> [/lib64]
  collapse library dir [/usr/lib/../lib64] ==> [/usr/lib64]
  collapse library dir [/usr/lib/../lib64/] ==> [/usr/lib64]
  collapse library dir [/opt/intel/Compiler/19.1/3.304/rwthlnk/daal/lib/intel64_lin/] ==> [/opt/intel/Compiler/19.1/3.304/rwthlnk/daal/lib/intel64_lin]
  collapse library dir [/opt/intel/Compiler/19.1/3.304/rwthlnk/daal/lib/ia32_lin/] ==> [/opt/intel/Compiler/19.1/3.304/rwthlnk/daal/lib/ia32_lin]
  collapse library dir [/opt/intel/Compiler/19.1/3.304/rwthlnk/ipp/lib/intel64_lin/] ==> [/opt/intel/Compiler/19.1/3.304/rwthlnk/ipp/lib/intel64_lin]
  collapse library dir [/opt/intel/Compiler/19.1/3.304/rwthlnk/ipp/lib/ia32_lin/] ==> [/opt/intel/Compiler/19.1/3.304/rwthlnk/ipp/lib/ia32_lin]
  collapse library dir [/opt/intel/Compiler/19.1/3.304/rwthlnk/mkl/lib/intel64_lin/] ==> [/opt/intel/Compiler/19.1/3.304/rwthlnk/mkl/lib/intel64_lin]
  collapse library dir [/opt/intel/Compiler/19.1/3.304/rwthlnk/mkl/lib/ia32_lin/] ==> [/opt/intel/Compiler/19.1/3.304/rwthlnk/mkl/lib/ia32_lin]
  collapse library dir [/usr/lib/gcc/x86_64-redhat-linux/4.8.5/../../../] ==> [/usr/lib]
  collapse library dir [/lib64] ==> [/lib64]
  collapse library dir [/lib/] ==> [/lib]
  collapse library dir [/usr/lib64] ==> [/usr/lib64]
  collapse library dir [/usr/lib] ==> [/usr/lib]
  implicit libs: [imf;svml;irng;stdc++;m;ipgo;decimal;cilkrts;stdc++;gcc;gcc_s;irc;svml;c;gcc;gcc_s;irc_s;dl;c]
  implicit dirs: [/opt/intel/Compiler/19.1/3.304/rwthlnk/daal/lib/intel64_lin;/opt/intel/Compiler/19.1/3.304/rwthlnk/daal/lib/ia32_lin;/opt/intel/Compiler/19.1/3.304/rwthlnk/ipp/lib/intel64_lin;/opt/intel/Compiler/19.1/3.304/rwthlnk/ipp/lib/ia32_lin;/opt/intel/Compiler/19.1/3.304/rwthlnk/mkl/lib/intel64_lin;/opt/intel/Compiler/19.1/3.304/rwthlnk/mkl/lib/ia32_lin;/opt/intel/Compiler/19.1/3.304/rwthlnk/tbb/lib/intel64_lin/gcc4.7;/opt/intel/Compiler/19.1/3.304/rwthlnk/tbb/lib/ia32_lin/gcc4.7;/rwthfs/rz/SW/intel/Compiler/19.1/3.304/compilers_and_libraries_2020.4.304/linux/compiler/lib/intel64_lin;/usr/lib/gcc/x86_64-redhat-linux/4.8.5;/usr/lib64;/lib64;/usr/lib;/lib]
  implicit fwks: []




Detecting CXX [-std=c++14] compiler features compiled with the following output:
Change Dir: /hpcwork/pn744180/parallel-computing/FinalProject/Online_Submission/build-serial/CMakeFiles/CMakeTmp

Run Build Command:"/usr/local_rwth/bin/gmake" "cmTC_33ec1/fast"
/usr/local_rwth/bin/gmake -f CMakeFiles/cmTC_33ec1.dir/build.make CMakeFiles/cmTC_33ec1.dir/build
gmake[1]: Entering directory `/rwthfs/rz/cluster/hpcwork/pn744180/parallel-computing/FinalProject/Online_Submission/build-serial/CMakeFiles/CMakeTmp'
Building CXX object CMakeFiles/cmTC_33ec1.dir/feature_tests.cxx.o
/opt/intel/Compiler/19.1/3.304/rwthlnk/bin/intel64/icpc    -std=c++14 -o CMakeFiles/cmTC_33ec1.dir/feature_tests.cxx.o -c /hpcwork/pn744180/parallel-computing/FinalProject/Online_Submission/build-serial/CMakeFiles/feature_tests.cxx
Linking CXX executable cmTC_33ec1
/usr/bin/cmake -E cmake_link_script CMakeFiles/cmTC_33ec1.dir/link.txt --verbose=1
/opt/intel/Compiler/19.1/3.304/rwthlnk/bin/intel64/icpc       -rdynamic CMakeFiles/cmTC_33ec1.dir/feature_tests.cxx.o  -o cmTC_33ec1 
gmake[1]: Leaving directory `/rwthfs/rz/cluster/hpcwork/pn744180/parallel-computing/FinalProject/Online_Submission/build-serial/CMakeFiles/CMakeTmp'


    Feature record: CXX_FEATURE:1cxx_aggregate_default_initializers
    Feature record: CXX_FEATURE:1cxx_alias_templates
    Feature record: CXX_FEATURE:1cxx_alignas
    Feature record: CXX_FEATURE:1cxx_alignof
    Feature record: CXX_FEATURE:1cxx_attributes
    Feature record: CXX_FEATURE:1cxx_attribute_deprecated
    Feature record: CXX_FEATURE:1cxx_auto_type
    Feature record: CXX_FEATURE:1cxx_binary_literals
    Feature record: CXX_FEATURE:1cxx_constexpr
    Feature record: CXX_FEATURE:1cxx_contextual_conversions
    Feature record: CXX_FEATURE:1cxx_decltype
    Feature record: CXX_FEATURE:1cxx_decltype_auto
    Feature record: CXX_FEATURE:1cxx_decltype_incomplete_return_types
    Feature record: CXX_FEATURE:1cxx_default_function_template_args
    Feature record: CXX_FEATURE:1cxx_defaulted_functions
    Feature record: CXX_FEATURE:1cxx_defaulted_move_initializers
    Feature record: CXX_FEATURE:1cxx_delegating_constructors
    Feature record: CXX_FEATURE:1cxx_deleted_functions
    Feature record: CXX_FEATURE:1cxx_digit_separators
    Feature record: CXX_FEATURE:1cxx_enum_forward_declarations
    Feature record: CXX_FEATURE:1cxx_explicit_conversions
    Feature record: CXX_FEATURE:1cxx_extended_friend_declarations
    Feature record: CXX_FEATURE:1cxx_extern_templates
    Feature record: CXX_FEATURE:1cxx_final
    Feature record: CXX_FEATURE:1cxx_func_identifier
    Feature record: CXX_FEATURE:1cxx_generic_lambdas
    Feature record: CXX_FEATURE:1cxx_inheriting_constructors
    Feature record: CXX_FEATURE:1cxx_inline_namespaces
    Feature record: CXX_FEATURE:1cxx_lambdas
    Feature record: CXX_FEATURE:1cxx_lambda_init_captures
    Feature record: CXX_FEATURE:1cxx_local_type_template_args
    Feature record: CXX_FEATURE:1cxx_long_long_type
    Feature record: CXX_FEATURE:1cxx_noexcept
    Feature record: CXX_FEATURE:1cxx_nonstatic_member_init
    Feature record: CXX_FEATURE:1cxx_nullptr
    Feature record: CXX_FEATURE:1cxx_override
    Feature record: CXX_FEATURE:1cxx_range_for
    Feature record: CXX_FEATURE:1cxx_raw_string_literals
    Feature record: CXX_FEATURE:1cxx_reference_qualified_functions
    Feature record: CXX_FEATURE:1cxx_relaxed_constexpr
    Feature record: CXX_FEATURE:1cxx_return_type_deduction
    Feature record: CXX_FEATURE:1cxx_right_angle_brackets
    Feature record: CXX_FEATURE:1cxx_rvalue_references
    Feature record: CXX_FEATURE:1cxx_sizeof_member
    Feature record: CXX_FEATURE:1cxx_static_assert
    Feature record: CXX_FEATURE:1cxx_strong_enums
    Feature record: CXX_FEATURE:1cxx_template_template_parameters
    Feature record: CXX_FEATURE:1cxx_thread_local
    Feature record: CXX_FEATURE:1cxx_trailing_return_types
    Feature record: CXX_FEATURE:1cxx_unicode_literals
    Feature record: CXX_FEATURE:1cxx_uniform_initialization
    Feature record: CXX_FEATURE:1cxx_unrestricted_unions
    Feature record: CXX_FEATURE:1cxx_user_literals
    Feature record: CXX_FEATURE:1cxx_variable_templates
    Feature record: CXX_FEATURE:1cxx_variadic_macros
    Feature record: CXX_FEATURE:1cxx_variadic_templates


Detecting CXX [-std=c++11] compiler features compiled with the following output:
Change Dir: /hpcwork/pn744180/parallel-computing/FinalProject/Online_Submission/build-serial/CMakeFiles/CMakeTmp

Run Build Command:"/usr/local_rwth/bin/gmake" "cmTC_13c3a/fast"
/usr/local_rwth/bin/gmake -f CMakeFiles/cmTC_13c3a.dir/build.make CMakeFiles/cmTC_13c3a.dir/build
gmake[1]: Entering directory `/rwthfs/rz/cluster/hpcwork/pn744180/parallel-computing/FinalProject/Online_Submission/build-serial/CMakeFiles/CMakeTmp'
Building CXX object CMakeFiles/cmTC_13c3a.dir/feature_tests.cxx.o
/opt/intel/Compiler/19.1/3.304/rwthlnk/bin/intel64/icpc    -std=c++11 -o CMakeFiles/cmTC_13c3a.dir/feature_tests.cxx.o -c /hpcwork/pn744180/parallel-computing/FinalProject/Online_Submission/build-serial/CMakeFiles/feature_tests.cxx
Linking CXX executable cmTC_13c3a
/usr/bin/cmake -E cmake_link_script CMakeFiles/cmTC_13c3a.dir/link.txt --verbose=1
/opt/intel/Compiler/19.1/3.304/rwthlnk/bin/intel64/icpc       -rdynamic CMakeFiles/cmTC_13c3a.dir/feature_tests.cxx.o  -o cmTC_13c3a 
gmake[1]: Leaving directory `/rwthfs/rz/cluster/hpcwork/pn744180/parallel-computing/FinalProject/Online_Submission/build-serial/CMakeFiles/CMakeTmp'


    Feature record: CXX_FEATURE:0cxx_aggregate_default_initializers
    Feature record: CXX_FEATURE:1cxx_alias_templates
    Feature record: CXX_FEATURE:1cxx_alignas
    Feature record: CXX_FEATURE:1cxx_alignof
    Feature record: CXX_FEATURE:1cxx_attributes
    Feature record: CXX_FEATURE:0cxx_attribute_deprecated
    Feature record: CXX_FEATURE:1cxx_auto_type
    Feature record: CXX_FEATURE:1cxx_binary_literals
    Feature record: CXX_FEATURE:1cxx_constexpr
    Feature record: CXX_FEATURE:0cxx_contextual_conversions
    Feature record: CXX_FEATURE:1cxx_decltype
    Feature record: CXX_FEATURE:0cxx_decltype_auto
    Feature record: CXX_FEATURE:1cxx_decltype_incomplete_return_types
    Feature record: CXX_FEATURE:1cxx_default_function_template_args
    Feature record: CXX_FEATURE:1cxx_defaulted_functions
    Feature record: CXX_FEATURE:1cxx_defaulted_move_initializers
    Feature record: CXX_FEATURE:1cxx_delegating_constructors
    Feature record: CXX_FEATURE:1cxx_deleted_functions
    Feature record: CXX_FEATURE:0cxx_digit_separators
    Feature record: CXX_FEATURE:1cxx_enum_forward_declarations
    Feature record: CXX_FEATURE:1cxx_explicit_conversions
    Feature record: CXX_FEATURE:1cxx_extended_friend_declarations
    Feature record: CXX_FEATURE:1cxx_extern_templates
    Feature record: CXX_FEATURE:1cxx_final
    Feature record: CXX_FEATURE:1cxx_func_identifier
    Feature record: CXX_FEATURE:0cxx_generic_lambdas
    Feature record: CXX_FEATURE:1cxx_inheriting_constructors
    Feature record: CXX_FEATURE:1cxx_inline_namespaces
    Feature record: CXX_FEATURE:1cxx_lambdas
    Feature record: CXX_FEATURE:0cxx_lambda_init_captures
    Feature record: CXX_FEATURE:1cxx_local_type_template_args
    Feature record: CXX_FEATURE:1cxx_long_long_type
    Feature record: CXX_FEATURE:1cxx_noexcept
    Feature record: CXX_FEATURE:1cxx_nonstatic_member_init
    Feature record: CXX_FEATURE:1cxx_nullptr
    Feature record: CXX_FEATURE:1cxx_override
    Feature record: CXX_FEATURE:1cxx_range_for
    Feature record: CXX_FEATURE:1cxx_raw_string_literals
    Feature record: CXX_FEATURE:1cxx_reference_qualified_functions
    Feature record: CXX_FEATURE:0cxx_relaxed_constexpr
    Feature record: CXX_FEATURE:1cxx_return_type_deduction
    Feature record: CXX_FEATURE:1cxx_right_angle_brackets
    Feature record: CXX_FEATURE:1cxx_rvalue_references
    Feature record: CXX_FEATURE:1cxx_sizeof_member
    Feature record: CXX_FEATURE:1cxx_static_assert
    Feature record: CXX_FEATURE:1cxx_strong_enums
    Feature record: CXX_FEATURE:1cxx_template_template_parameters
    Feature record: CXX_FEATURE:1cxx_thread_local
    Feature record: CXX_FEATURE:1cxx_trailing_return_types
    Feature record: CXX_FEATURE:1cxx_unicode_literals
    Feature record: CXX_FEATURE:1cxx_uniform_initialization
    Feature record: CXX_FEATURE:1cxx_unrestricted_unions
    Feature record: CXX_FEATURE:1cxx_user_literals
    Feature record: CXX_FEATURE:0cxx_variable_templates
    Feature record: CXX_FEATURE:1cxx_variadic_macros
    Feature record: CXX_FEATURE:1cxx_variadic_templates


Detecting CXX [-std=c++98] compiler features compiled with the following output:
Change Dir: /hpcwork/pn744180/parallel-computing/FinalProject/Online_Submission/build-serial/CMakeFiles/CMakeTmp

Run Build Command:"/usr/local_rwth/bin/gmake" "cmTC_6f7c8/fast"
/usr/local_rwth/bin/gmake -f CMakeFiles/cmTC_6f7c8.dir/build.make CMakeFiles/cmTC_6f7c8.dir/build
gmake[1]: Entering directory `/rwthfs/rz/cluster/hpcwork/pn744180/parallel-computing/FinalProject/Online_Submission/build-serial/CMakeFiles/CMakeTmp'
Building CXX object CMakeFiles/cmTC_6f7c8.dir/feature_tests.cxx.o
/opt/intel/Compiler/19.1/3.304/rwthlnk/bin/intel64/icpc    -std=c++98 -o CMakeFiles/cmTC_6f7c8.dir/feature_tests.cxx.o -c /hpcwork/pn744180/parallel-computing/FinalProject/Online_Submission/build-serial/CMakeFiles/feature_tests.cxx
Linking CXX executable cmTC_6f7c8
/usr/bin/cmake -E cmake_link_script CMakeFiles/cmTC_6f7c8.dir/link.txt --verbose=1
/opt/intel/Compiler/19.1/3.304/rwthlnk/bin/intel64/icpc       -rdynamic CMakeFiles/cmTC_6f7c8.dir/feature_tests.cxx.o  -o cmTC_6f7c8 
gmake[1]: Leaving directory `/rwthfs/rz/cluster/hpcwork/pn744180/parallel-computing/FinalProject/Online_Submission/build-serial/CMakeFiles/CMakeTmp'


    Feature record: CXX_FEATURE:0cxx_aggregate_default_initializers
    Feature record: CXX_FEATURE:0cxx_alias_templates
    Feature record: CXX_FEATURE:0cxx_alignas
    Feature record: CXX_FEATURE:0cxx_alignof
    Feature record: CXX_FEATURE:0cxx_attributes
    Feature record: CXX_FEATURE:0cxx_attribute_deprecated
    Feature record: CXX_FEATURE:0cxx_auto_type
    Feature record: CXX_FEATURE:1cxx_binary_literals
    Feature record: CXX_FEATURE:0cxx_constexpr
    Feature record: CXX_FEATURE:0cxx_contextual_conversions
    Feature record: CXX_FEATURE:0cxx_decltype
    Feature record: CXX_FEATURE:0cxx_decltype_auto
    Feature record: CXX_FEATURE:0cxx_decltype_incomplete_return_types
    Feature record: CXX_FEATURE:0cxx_default_function_template_args
    Feature record: CXX_FEATURE:0cxx_defaulted_functions
    Feature record: CXX_FEATURE:0cxx_defaulted_move_initializers
    Feature record: CXX_FEATURE:0cxx_delegating_constructors
    Feature record: CXX_FEATURE:0cxx_deleted_functions
    Feature record: CXX_FEATURE:0cxx_digit_separators
    Feature record: CXX_FEATURE:0cxx_enum_forward_declarations
    Feature record: CXX_FEATURE:0cxx_explicit_conversions
    Feature record: CXX_FEATURE:0cxx_extended_friend_declarations
    Feature record: CXX_FEATURE:0cxx_extern_templates
    Feature record: CXX_FEATURE:0cxx_final
    Feature record: CXX_FEATURE:0cxx_func_identifier
    Feature record: CXX_FEATURE:0cxx_generic_lambdas
    Feature record: CXX_FEATURE:0cxx_inheriting_constructors
    Feature record: CXX_FEATURE:0cxx_inline_namespaces
    Feature record: CXX_FEATURE:0cxx_lambdas
    Feature record: CXX_FEATURE:0cxx_lambda_init_captures
    Feature record: CXX_FEATURE:0cxx_local_type_template_args
    Feature record: CXX_FEATURE:0cxx_long_long_type
    Feature record: CXX_FEATURE:0cxx_noexcept
    Feature record: CXX_FEATURE:0cxx_nonstatic_member_init
    Feature record: CXX_FEATURE:0cxx_nullptr
    Feature record: CXX_FEATURE:0cxx_override
    Feature record: CXX_FEATURE:0cxx_range_for
    Feature record: CXX_FEATURE:0cxx_raw_string_literals
    Feature record: CXX_FEATURE:0cxx_reference_qualified_functions
    Feature record: CXX_FEATURE:0cxx_relaxed_constexpr
    Feature record: CXX_FEATURE:0cxx_return_type_deduction
    Feature record: CXX_FEATURE:0cxx_right_angle_brackets
    Feature record: CXX_FEATURE:0cxx_rvalue_references
    Feature record: CXX_FEATURE:0cxx_sizeof_member
    Feature record: CXX_FEATURE:0cxx_static_assert
    Feature record: CXX_FEATURE:0cxx_strong_enums
    Feature record: CXX_FEATURE:0cxx_template_template_parameters
    Feature record: CXX_FEATURE:0cxx_thread_local
    Feature record: CXX_FEATURE:0cxx_trailing_return_types
    Feature record: CXX_FEATURE:0cxx_unicode_literals
    Feature record: CXX_FEATURE:0cxx_uniform_initialization
    Feature record: CXX_FEATURE:0cxx_unrestricted_unions
    Feature record: CXX_FEATURE:0cxx_user_literals
    Feature record: CXX_FEATURE:0cxx_variable_templates
    Feature record: CXX_FEATURE:0cxx_variadic_macros
    Feature record: CXX_FEATURE:0cxx_variadic_templates
